# JRE version: OpenJDK Runtime Environment (11.0.8+10) (build 11.0.8+10-b944.6842174)
# Java VM: OpenJDK 64-Bit Server VM (11.0.8+10-b944.6842174, mixed mode, tiered, compressed oops, g1 gc, windows-amd64)
Heap:
 garbage-first heap   total 236544K, used 130799K [0x0000000080000000, 0x0000000100000000)
  region size 1024K, 20 young (20480K), 7 survivors (7168K)
 Metaspace       used 105920K, capacity 108733K, committed 108876K, reserved 1144832K
  class space    used 13421K, capacity 14343K, committed 14464K, reserved 1048576K
GC Heap History (20 events):
Event: 52.516 GC heap before
{Heap before GC invocations=68 (full 0):
 garbage-first heap   total 163840K, used 131584K [0x0000000080000000, 0x0000000100000000)
  region size 1024K, 52 young (53248K), 5 survivors (5120K)
 Metaspace       used 84067K, capacity 86146K, committed 86476K, reserved 1124352K
  class space    used 11005K, capacity 11700K, committed 11776K, reserved 1048576K
}
Event: 52.542 GC heap after
{Heap after GC invocations=69 (full 0):
 garbage-first heap   total 163840K, used 86965K [0x0000000080000000, 0x0000000100000000)
  region size 1024K, 6 young (6144K), 6 survivors (6144K)
 Metaspace       used 84067K, capacity 86146K, committed 86476K, reserved 1124352K
  class space    used 11005K, capacity 11700K, committed 11776K, reserved 1048576K
}
Event: 56.700 GC heap before
{Heap before GC invocations=70 (full 0):
 garbage-first heap   total 163840K, used 133045K [0x0000000080000000, 0x0000000100000000)
  region size 1024K, 52 young (53248K), 6 survivors (6144K)
 Metaspace       used 87519K, capacity 89645K, committed 89932K, reserved 1126400K
  class space    used 11376K, capacity 12100K, committed 12160K, reserved 1048576K
}
Event: 56.734 GC heap after
{Heap after GC invocations=71 (full 0):
 garbage-first heap   total 196608K, used 91134K [0x0000000080000000, 0x0000000100000000)
  region size 1024K, 7 young (7168K), 7 survivors (7168K)
 Metaspace       used 87519K, capacity 89645K, committed 89932K, reserved 1126400K
  class space    used 11376K, capacity 12100K, committed 12160K, reserved 1048576K
}
Event: 60.199 GC heap before
{Heap before GC invocations=71 (full 0):
 garbage-first heap   total 196608K, used 149502K [0x0000000080000000, 0x0000000100000000)
  region size 1024K, 64 young (65536K), 7 survivors (7168K)
 Metaspace       used 87927K, capacity 90137K, committed 90444K, reserved 1128448K
  class space    used 11381K, capacity 12103K, committed 12160K, reserved 1048576K
}
Event: 60.255 GC heap after
{Heap after GC invocations=72 (full 0):
 garbage-first heap   total 196608K, used 94495K [0x0000000080000000, 0x0000000100000000)
  region size 1024K, 4 young (4096K), 4 survivors (4096K)
 Metaspace       used 87927K, capacity 90137K, committed 90444K, reserved 1128448K
  class space    used 11381K, capacity 12103K, committed 12160K, reserved 1048576K
}
Event: 63.647 GC heap before
{Heap before GC invocations=72 (full 0):
 garbage-first heap   total 196608K, used 154911K [0x0000000080000000, 0x0000000100000000)
  region size 1024K, 63 young (64512K), 4 survivors (4096K)
 Metaspace       used 91642K, capacity 94027K, committed 94156K, reserved 1130496K
  class space    used 11896K, capacity 12710K, committed 12800K, reserved 1048576K
}
Event: 63.669 GC heap after
{Heap after GC invocations=73 (full 0):
 garbage-first heap   total 196608K, used 97643K [0x0000000080000000, 0x0000000100000000)
  region size 1024K, 7 young (7168K), 7 survivors (7168K)
 Metaspace       used 91642K, capacity 94027K, committed 94156K, reserved 1130496K
  class space    used 11896K, capacity 12710K, committed 12800K, reserved 1048576K
}
Event: 65.463 GC heap before
{Heap before GC invocations=74 (full 0):
 garbage-first heap   total 196608K, used 118123K [0x0000000080000000, 0x0000000100000000)
  region size 1024K, 28 young (28672K), 7 survivors (7168K)
 Metaspace       used 92176K, capacity 94603K, committed 95052K, reserved 1132544K
  class space    used 11946K, capacity 12769K, committed 12928K, reserved 1048576K
}
Event: 65.503 GC heap after
{Heap after GC invocations=75 (full 0):
 garbage-first heap   total 196608K, used 100105K [0x0000000080000000, 0x0000000100000000)
  region size 1024K, 6 young (6144K), 6 survivors (6144K)
 Metaspace       used 92176K, capacity 94603K, committed 95052K, reserved 1132544K
  class space    used 11946K, capacity 12769K, committed 12928K, reserved 1048576K
}
Event: 111.476 GC heap before
{Heap before GC invocations=76 (full 0):
 garbage-first heap   total 196608K, used 160521K [0x0000000080000000, 0x0000000100000000)
  region size 1024K, 65 young (66560K), 6 survivors (6144K)
 Metaspace       used 97005K, capacity 99635K, committed 99660K, reserved 1136640K
  class space    used 12307K, capacity 13183K, committed 13184K, reserved 1048576K
}
Event: 111.680 GC heap after
{Heap after GC invocations=77 (full 0):
 garbage-first heap   total 196608K, used 102889K [0x0000000080000000, 0x0000000100000000)
  region size 1024K, 6 young (6144K), 6 survivors (6144K)
 Metaspace       used 97005K, capacity 99635K, committed 99660K, reserved 1136640K
  class space    used 12307K, capacity 13183K, committed 13184K, reserved 1048576K
}
Event: 115.506 GC heap before
{Heap before GC invocations=77 (full 0):
 garbage-first heap   total 196608K, used 161257K [0x0000000080000000, 0x0000000100000000)
  region size 1024K, 64 young (65536K), 6 survivors (6144K)
 Metaspace       used 98208K, capacity 100804K, committed 100940K, reserved 1136640K
  class space    used 12457K, capacity 13354K, committed 13440K, reserved 1048576K
}
Event: 115.551 GC heap after
{Heap after GC invocations=78 (full 0):
 garbage-first heap   total 236544K, used 106868K [0x0000000080000000, 0x0000000100000000)
  region size 1024K, 8 young (8192K), 8 survivors (8192K)
 Metaspace       used 98208K, capacity 100804K, committed 100940K, reserved 1136640K
  class space    used 12457K, capacity 13354K, committed 13440K, reserved 1048576K
}
Event: 118.043 GC heap before
{Heap before GC invocations=79 (full 0):
 garbage-first heap   total 236544K, used 187764K [0x0000000080000000, 0x0000000100000000)
  region size 1024K, 87 young (89088K), 8 survivors (8192K)
 Metaspace       used 98441K, capacity 101081K, committed 101196K, reserved 1136640K
  class space    used 12477K, capacity 13369K, committed 13440K, reserved 1048576K
}
Event: 118.091 GC heap after
{Heap after GC invocations=80 (full 0):
 garbage-first heap   total 236544K, used 111097K [0x0000000080000000, 0x0000000100000000)
  region size 1024K, 9 young (9216K), 9 survivors (9216K)
 Metaspace       used 98441K, capacity 101081K, committed 101196K, reserved 1136640K
  class space    used 12477K, capacity 13369K, committed 13440K, reserved 1048576K
}
Event: 121.050 GC heap before
{Heap before GC invocations=80 (full 0):
 garbage-first heap   total 236544K, used 189945K [0x0000000080000000, 0x0000000100000000)
  region size 1024K, 87 young (89088K), 9 survivors (9216K)
 Metaspace       used 104925K, capacity 107802K, committed 107980K, reserved 1142784K
  class space    used 13353K, capacity 14268K, committed 14336K, reserved 1048576K
}
Event: 121.088 GC heap after
{Heap after GC invocations=81 (full 0):
 garbage-first heap   total 236544K, used 115665K [0x0000000080000000, 0x0000000100000000)
  region size 1024K, 9 young (9216K), 9 survivors (9216K)
 Metaspace       used 104925K, capacity 107802K, committed 107980K, reserved 1142784K
  class space    used 13353K, capacity 14268K, committed 14336K, reserved 1048576K
}
Event: 121.669 GC heap before
{Heap before GC invocations=81 (full 0):
 garbage-first heap   total 236544K, used 119761K [0x0000000080000000, 0x0000000100000000)
  region size 1024K, 15 young (15360K), 9 survivors (9216K)
 Metaspace       used 105754K, capacity 108567K, committed 108748K, reserved 1144832K
  class space    used 13411K, capacity 14309K, committed 14336K, reserved 1048576K
}
Event: 121.713 GC heap after
{Heap after GC invocations=82 (full 0):
 garbage-first heap   total 236544K, used 117487K [0x0000000080000000, 0x0000000100000000)
  region size 1024K, 7 young (7168K), 7 survivors (7168K)
 Metaspace       used 105754K, capacity 108567K, committed 108748K, reserved 1144832K
  class space    used 13411K, capacity 14309K, committed 14336K, reserved 1048576K
}

