# JRE version: OpenJDK Runtime Environment (11.0.8+10) (build 11.0.8+10-b944.6842174)
# Java VM: OpenJDK 64-Bit Server VM (11.0.8+10-b944.6842174, mixed mode, tiered, compressed oops, g1 gc, windows-amd64)
Heap:
 garbage-first heap   total 388096K, used 225280K [0x0000000080000000, 0x0000000100000000)
  region size 1024K, 2 young (2048K), 2 survivors (2048K)
 Metaspace       used 126985K, capacity 130083K, committed 130300K, reserved 1163264K
  class space    used 15710K, capacity 16761K, committed 16768K, reserved 1048576K
GC Heap History (20 events):
Event: 125.579 GC heap after
{Heap after GC invocations=93 (full 0):
 garbage-first heap   total 270336K, used 125691K [0x0000000080000000, 0x0000000100000000)
  region size 1024K, 2 young (2048K), 2 survivors (2048K)
 Metaspace       used 109011K, capacity 111839K, committed 112124K, reserved 1146880K
  class space    used 13688K, capacity 14600K, committed 14720K, reserved 1048576K
}
Event: 127.139 GC heap before
{Heap before GC invocations=93 (full 0):
 garbage-first heap   total 270336K, used 145147K [0x0000000080000000, 0x0000000100000000)
  region size 1024K, 21 young (21504K), 2 survivors (2048K)
 Metaspace       used 109500K, capacity 112351K, committed 112636K, reserved 1146880K
  class space    used 13727K, capacity 14664K, committed 14720K, reserved 1048576K
}
Event: 127.154 GC heap after
{Heap after GC invocations=94 (full 0):
 garbage-first heap   total 270336K, used 127849K [0x0000000080000000, 0x0000000100000000)
  region size 1024K, 3 young (3072K), 3 survivors (3072K)
 Metaspace       used 109500K, capacity 112351K, committed 112636K, reserved 1146880K
  class space    used 13727K, capacity 14664K, committed 14720K, reserved 1048576K
}
Event: 127.372 GC heap before
{Heap before GC invocations=94 (full 0):
 garbage-first heap   total 270336K, used 155497K [0x0000000080000000, 0x0000000100000000)
  region size 1024K, 31 young (31744K), 3 survivors (3072K)
 Metaspace       used 109587K, capacity 112415K, committed 112636K, reserved 1146880K
  class space    used 13731K, capacity 14664K, committed 14720K, reserved 1048576K
}
Event: 127.388 GC heap after
{Heap after GC invocations=95 (full 0):
 garbage-first heap   total 270336K, used 128254K [0x0000000080000000, 0x0000000100000000)
  region size 1024K, 2 young (2048K), 2 survivors (2048K)
 Metaspace       used 109587K, capacity 112415K, committed 112636K, reserved 1146880K
  class space    used 13731K, capacity 14664K, committed 14720K, reserved 1048576K
}
Event: 131.932 GC heap before
{Heap before GC invocations=95 (full 0):
 garbage-first heap   total 270336K, used 164094K [0x0000000080000000, 0x0000000100000000)
  region size 1024K, 38 young (38912K), 2 survivors (2048K)
 Metaspace       used 111466K, capacity 114388K, committed 114428K, reserved 1148928K
  class space    used 13984K, capacity 14960K, committed 14976K, reserved 1048576K
}
Event: 131.956 GC heap after
{Heap after GC invocations=96 (full 0):
 garbage-first heap   total 270336K, used 129720K [0x0000000080000000, 0x0000000100000000)
  region size 1024K, 4 young (4096K), 4 survivors (4096K)
 Metaspace       used 111466K, capacity 114388K, committed 114428K, reserved 1148928K
  class space    used 13984K, capacity 14960K, committed 14976K, reserved 1048576K
}
Event: 135.828 GC heap before
{Heap before GC invocations=96 (full 0):
 garbage-first heap   total 270336K, used 174776K [0x0000000080000000, 0x0000000100000000)
  region size 1024K, 47 young (48128K), 4 survivors (4096K)
 Metaspace       used 116839K, capacity 119925K, committed 119932K, reserved 1153024K
  class space    used 14626K, capacity 15609K, committed 15616K, reserved 1048576K
}
Event: 135.884 GC heap after
{Heap after GC invocations=97 (full 0):
 garbage-first heap   total 270336K, used 139436K [0x0000000080000000, 0x0000000100000000)
  region size 1024K, 6 young (6144K), 6 survivors (6144K)
 Metaspace       used 116839K, capacity 119925K, committed 119932K, reserved 1153024K
  class space    used 14626K, capacity 15609K, committed 15616K, reserved 1048576K
}
Event: 137.682 GC heap before
{Heap before GC invocations=97 (full 0):
 garbage-first heap   total 270336K, used 185516K [0x0000000080000000, 0x0000000100000000)
  region size 1024K, 51 young (52224K), 6 survivors (6144K)
 Metaspace       used 120312K, capacity 123347K, committed 123388K, reserved 1157120K
  class space    used 14944K, capacity 15997K, committed 16000K, reserved 1048576K
}
Event: 137.737 GC heap after
{Heap after GC invocations=98 (full 0):
 garbage-first heap   total 270336K, used 145868K [0x0000000080000000, 0x0000000100000000)
  region size 1024K, 6 young (6144K), 6 survivors (6144K)
 Metaspace       used 120312K, capacity 123347K, committed 123388K, reserved 1157120K
  class space    used 14944K, capacity 15997K, committed 16000K, reserved 1048576K
}
Event: 138.769 GC heap before
{Heap before GC invocations=98 (full 0):
 garbage-first heap   total 270336K, used 197068K [0x0000000080000000, 0x0000000100000000)
  region size 1024K, 56 young (57344K), 6 survivors (6144K)
 Metaspace       used 121349K, capacity 124339K, committed 124540K, reserved 1157120K
  class space    used 15064K, capacity 16093K, committed 16128K, reserved 1048576K
}
Event: 139.065 GC heap after
{Heap after GC invocations=99 (full 0):
 garbage-first heap   total 270336K, used 182272K [0x0000000080000000, 0x0000000100000000)
  region size 1024K, 7 young (7168K), 7 survivors (7168K)
 Metaspace       used 121349K, capacity 124339K, committed 124540K, reserved 1157120K
  class space    used 15064K, capacity 16093K, committed 16128K, reserved 1048576K
}
Event: 142.596 GC heap before
{Heap before GC invocations=99 (full 0):
 garbage-first heap   total 270336K, used 211968K [0x0000000080000000, 0x0000000100000000)
  region size 1024K, 36 young (36864K), 7 survivors (7168K)
 Metaspace       used 123758K, capacity 126763K, committed 126972K, reserved 1159168K
  class space    used 15415K, capacity 16451K, committed 16512K, reserved 1048576K
}
Event: 143.012 GC heap after
{Heap after GC invocations=100 (full 0):
 garbage-first heap   total 270336K, used 191488K [0x0000000080000000, 0x0000000100000000)
  region size 1024K, 5 young (5120K), 5 survivors (5120K)
 Metaspace       used 123758K, capacity 126763K, committed 126972K, reserved 1159168K
  class space    used 15415K, capacity 16451K, committed 16512K, reserved 1048576K
}
Event: 145.403 GC heap before
{Heap before GC invocations=100 (full 0):
 garbage-first heap   total 270336K, used 218112K [0x0000000080000000, 0x0000000100000000)
  region size 1024K, 30 young (30720K), 5 survivors (5120K)
 Metaspace       used 126884K, capacity 130004K, committed 130044K, reserved 1163264K
  class space    used 15703K, capacity 16759K, committed 16768K, reserved 1048576K
}
Event: 145.447 GC heap after
{Heap after GC invocations=101 (full 0):
 garbage-first heap   total 270336K, used 195584K [0x0000000080000000, 0x0000000100000000)
  region size 1024K, 3 young (3072K), 3 survivors (3072K)
 Metaspace       used 126884K, capacity 130004K, committed 130044K, reserved 1163264K
  class space    used 15703K, capacity 16759K, committed 16768K, reserved 1048576K
}
Event: 146.179 GC heap before
{Heap before GC invocations=101 (full 0):
 garbage-first heap   total 270336K, used 221184K [0x0000000080000000, 0x0000000100000000)
  region size 1024K, 28 young (28672K), 3 survivors (3072K)
 Metaspace       used 126985K, capacity 130083K, committed 130300K, reserved 1163264K
  class space    used 15710K, capacity 16761K, committed 16768K, reserved 1048576K
}
Event: 146.237 GC heap after
{Heap after GC invocations=102 (full 0):
 garbage-first heap   total 270336K, used 216064K [0x0000000080000000, 0x0000000100000000)
  region size 1024K, 4 young (4096K), 4 survivors (4096K)
 Metaspace       used 126985K, capacity 130083K, committed 130300K, reserved 1163264K
  class space    used 15710K, capacity 16761K, committed 16768K, reserved 1048576K
}
Event: 146.318 GC heap before
{Heap before GC invocations=102 (full 0):
 garbage-first heap   total 270336K, used 226304K [0x0000000080000000, 0x0000000100000000)
  region size 1024K, 15 young (15360K), 4 survivors (4096K)
 Metaspace       used 126985K, capacity 130083K, committed 130300K, reserved 1163264K
  class space    used 15710K, capacity 16761K, committed 16768K, reserved 1048576K
}

