# JRE version: OpenJDK Runtime Environment (11.0.8+10) (build 11.0.8+10-b944.6842174)
# Java VM: OpenJDK 64-Bit Server VM (11.0.8+10-b944.6842174, mixed mode, tiered, compressed oops, g1 gc, windows-amd64)
Heap:
 garbage-first heap   total 238592K, used 140288K [0x0000000080000000, 0x0000000100000000)
  region size 1024K, 8 young (8192K), 5 survivors (5120K)
 Metaspace       used 93437K, capacity 95644K, committed 95872K, reserved 1132544K
  class space    used 11848K, capacity 12619K, committed 12672K, reserved 1048576K
GC Heap History (20 events):
Event: 55.618 GC heap before
{Heap before GC invocations=51 (full 0):
 garbage-first heap   total 133120K, used 93613K [0x0000000080000000, 0x0000000100000000)
  region size 1024K, 34 young (34816K), 3 survivors (3072K)
 Metaspace       used 76755K, capacity 78571K, committed 78720K, reserved 1118208K
  class space    used 9962K, capacity 10617K, committed 10624K, reserved 1048576K
}
Event: 55.628 GC heap after
{Heap after GC invocations=52 (full 0):
 garbage-first heap   total 133120K, used 64075K [0x0000000080000000, 0x0000000100000000)
  region size 1024K, 4 young (4096K), 4 survivors (4096K)
 Metaspace       used 76755K, capacity 78571K, committed 78720K, reserved 1118208K
  class space    used 9962K, capacity 10617K, committed 10624K, reserved 1048576K
}
Event: 56.146 GC heap before
{Heap before GC invocations=52 (full 0):
 garbage-first heap   total 133120K, used 80459K [0x0000000080000000, 0x0000000100000000)
  region size 1024K, 21 young (21504K), 4 survivors (4096K)
 Metaspace       used 76921K, capacity 78728K, committed 78976K, reserved 1118208K
  class space    used 9968K, capacity 10621K, committed 10624K, reserved 1048576K
}
Event: 56.164 GC heap after
{Heap after GC invocations=53 (full 0):
 garbage-first heap   total 133120K, used 65001K [0x0000000080000000, 0x0000000100000000)
  region size 1024K, 3 young (3072K), 3 survivors (3072K)
 Metaspace       used 76921K, capacity 78728K, committed 78976K, reserved 1118208K
  class space    used 9968K, capacity 10621K, committed 10624K, reserved 1048576K
}
Event: 58.038 GC heap before
{Heap before GC invocations=54 (full 0):
 garbage-first heap   total 133120K, used 105961K [0x0000000080000000, 0x0000000100000000)
  region size 1024K, 43 young (44032K), 3 survivors (3072K)
 Metaspace       used 77144K, capacity 79009K, committed 79360K, reserved 1118208K
  class space    used 9962K, capacity 10597K, committed 10752K, reserved 1048576K
}
Event: 58.062 GC heap after
{Heap after GC invocations=55 (full 0):
 garbage-first heap   total 133120K, used 67321K [0x0000000080000000, 0x0000000100000000)
  region size 1024K, 5 young (5120K), 5 survivors (5120K)
 Metaspace       used 77144K, capacity 79009K, committed 79360K, reserved 1118208K
  class space    used 9962K, capacity 10597K, committed 10752K, reserved 1048576K
}
Event: 59.244 GC heap before
{Heap before GC invocations=55 (full 0):
 garbage-first heap   total 133120K, used 105209K [0x0000000080000000, 0x0000000100000000)
  region size 1024K, 43 young (44032K), 5 survivors (5120K)
 Metaspace       used 77332K, capacity 79191K, committed 79360K, reserved 1118208K
  class space    used 9976K, capacity 10642K, committed 10752K, reserved 1048576K
}
Event: 59.271 GC heap after
{Heap after GC invocations=56 (full 0):
 garbage-first heap   total 133120K, used 69351K [0x0000000080000000, 0x0000000100000000)
  region size 1024K, 5 young (5120K), 5 survivors (5120K)
 Metaspace       used 77332K, capacity 79191K, committed 79360K, reserved 1118208K
  class space    used 9976K, capacity 10642K, committed 10752K, reserved 1048576K
}
Event: 60.807 GC heap before
{Heap before GC invocations=57 (full 0):
 garbage-first heap   total 133120K, used 107239K [0x0000000080000000, 0x0000000100000000)
  region size 1024K, 43 young (44032K), 5 survivors (5120K)
 Metaspace       used 77565K, capacity 79453K, committed 79616K, reserved 1118208K
  class space    used 10015K, capacity 10690K, committed 10752K, reserved 1048576K
}
Event: 60.845 GC heap after
{Heap after GC invocations=58 (full 0):
 garbage-first heap   total 159744K, used 71364K [0x0000000080000000, 0x0000000100000000)
  region size 1024K, 5 young (5120K), 5 survivors (5120K)
 Metaspace       used 77565K, capacity 79453K, committed 79616K, reserved 1118208K
  class space    used 10015K, capacity 10690K, committed 10752K, reserved 1048576K
}
Event: 64.798 GC heap before
{Heap before GC invocations=58 (full 0):
 garbage-first heap   total 159744K, used 122564K [0x0000000080000000, 0x0000000100000000)
  region size 1024K, 54 young (55296K), 5 survivors (5120K)
 Metaspace       used 84848K, capacity 86859K, committed 86912K, reserved 1124352K
  class space    used 10926K, capacity 11600K, committed 11648K, reserved 1048576K
}
Event: 64.830 GC heap after
{Heap after GC invocations=59 (full 0):
 garbage-first heap   total 159744K, used 79570K [0x0000000080000000, 0x0000000100000000)
  region size 1024K, 7 young (7168K), 7 survivors (7168K)
 Metaspace       used 84848K, capacity 86859K, committed 86912K, reserved 1124352K
  class space    used 10926K, capacity 11600K, committed 11648K, reserved 1048576K
}
Event: 68.112 GC heap before
{Heap before GC invocations=59 (full 0):
 garbage-first heap   total 159744K, used 127698K [0x0000000080000000, 0x0000000100000000)
  region size 1024K, 55 young (56320K), 7 survivors (7168K)
 Metaspace       used 88003K, capacity 90198K, committed 90368K, reserved 1128448K
  class space    used 11209K, capacity 11960K, committed 12032K, reserved 1048576K
}
Event: 68.268 GC heap after
{Heap after GC invocations=60 (full 0):
 garbage-first heap   total 159744K, used 88202K [0x0000000080000000, 0x0000000100000000)
  region size 1024K, 7 young (7168K), 7 survivors (7168K)
 Metaspace       used 88003K, capacity 90198K, committed 90368K, reserved 1128448K
  class space    used 11209K, capacity 11960K, committed 12032K, reserved 1048576K
}
Event: 69.740 GC heap before
{Heap before GC invocations=61 (full 0):
 garbage-first heap   total 159744K, used 127114K [0x0000000080000000, 0x0000000100000000)
  region size 1024K, 46 young (47104K), 7 survivors (7168K)
 Metaspace       used 89525K, capacity 91718K, committed 91776K, reserved 1128448K
  class space    used 11387K, capacity 12126K, committed 12160K, reserved 1048576K
}
Event: 69.861 GC heap after
{Heap after GC invocations=62 (full 0):
 garbage-first heap   total 162816K, used 114996K [0x0000000080000000, 0x0000000100000000)
  region size 1024K, 6 young (6144K), 6 survivors (6144K)
 Metaspace       used 89525K, capacity 91718K, committed 91776K, reserved 1128448K
  class space    used 11387K, capacity 12126K, committed 12160K, reserved 1048576K
}
Event: 70.080 GC heap before
{Heap before GC invocations=62 (full 0):
 garbage-first heap   total 162816K, used 129332K [0x0000000080000000, 0x0000000100000000)
  region size 1024K, 20 young (20480K), 6 survivors (6144K)
 Metaspace       used 89527K, capacity 91718K, committed 91776K, reserved 1128448K
  class space    used 11387K, capacity 12126K, committed 12160K, reserved 1048576K
}
Event: 70.113 GC heap after
{Heap after GC invocations=63 (full 0):
 garbage-first heap   total 238592K, used 125952K [0x0000000080000000, 0x0000000100000000)
  region size 1024K, 3 young (3072K), 3 survivors (3072K)
 Metaspace       used 89527K, capacity 91718K, committed 91776K, reserved 1128448K
  class space    used 11387K, capacity 12126K, committed 12160K, reserved 1048576K
}
Event: 71.829 GC heap before
{Heap before GC invocations=64 (full 0):
 garbage-first heap   total 238592K, used 154624K [0x0000000080000000, 0x0000000100000000)
  region size 1024K, 32 young (32768K), 3 survivors (3072K)
 Metaspace       used 92249K, capacity 94428K, committed 94592K, reserved 1130496K
  class space    used 11770K, capacity 12555K, committed 12672K, reserved 1048576K
}
Event: 71.879 GC heap after
{Heap after GC invocations=65 (full 0):
 garbage-first heap   total 238592K, used 137216K [0x0000000080000000, 0x0000000100000000)
  region size 1024K, 5 young (5120K), 5 survivors (5120K)
 Metaspace       used 92249K, capacity 94428K, committed 94592K, reserved 1130496K
  class space    used 11770K, capacity 12555K, committed 12672K, reserved 1048576K
}

