# JRE version: OpenJDK Runtime Environment (11.0.8+10) (build 11.0.8+10-b944.6842174)
# Java VM: OpenJDK 64-Bit Server VM (11.0.8+10-b944.6842174, mixed mode, tiered, compressed oops, g1 gc, windows-amd64)
Heap:
 garbage-first heap   total 295936K, used 149739K [0x0000000080000000, 0x0000000100000000)
  region size 1024K, 2 young (2048K), 2 survivors (2048K)
 Metaspace       used 98930K, capacity 101168K, committed 101248K, reserved 1136640K
  class space    used 12580K, capacity 13400K, committed 13440K, reserved 1048576K
GC Heap History (20 events):
Event: 68.993 GC heap after
{Heap after GC invocations=72 (full 0):
 garbage-first heap   total 164864K, used 74421K [0x0000000080000000, 0x0000000100000000)
  region size 1024K, 4 young (4096K), 4 survivors (4096K)
 Metaspace       used 82557K, capacity 84533K, committed 84608K, reserved 1122304K
  class space    used 10622K, capacity 11327K, committed 11392K, reserved 1048576K
}
Event: 71.071 GC heap before
{Heap before GC invocations=73 (full 0):
 garbage-first heap   total 164864K, used 121525K [0x0000000080000000, 0x0000000100000000)
  region size 1024K, 50 young (51200K), 4 survivors (4096K)
 Metaspace       used 82589K, capacity 84534K, committed 84608K, reserved 1122304K
  class space    used 10622K, capacity 11327K, committed 11392K, reserved 1048576K
}
Event: 71.086 GC heap after
{Heap after GC invocations=74 (full 0):
 garbage-first heap   total 164864K, used 74850K [0x0000000080000000, 0x0000000100000000)
  region size 1024K, 4 young (4096K), 4 survivors (4096K)
 Metaspace       used 82589K, capacity 84534K, committed 84608K, reserved 1122304K
  class space    used 10622K, capacity 11327K, committed 11392K, reserved 1048576K
}
Event: 72.765 GC heap before
{Heap before GC invocations=74 (full 0):
 garbage-first heap   total 164864K, used 132194K [0x0000000080000000, 0x0000000100000000)
  region size 1024K, 61 young (62464K), 4 survivors (4096K)
 Metaspace       used 82814K, capacity 84725K, committed 84864K, reserved 1122304K
  class space    used 10636K, capacity 11340K, committed 11392K, reserved 1048576K
}
Event: 72.779 GC heap after
{Heap after GC invocations=75 (full 0):
 garbage-first heap   total 164864K, used 76927K [0x0000000080000000, 0x0000000100000000)
  region size 1024K, 6 young (6144K), 6 survivors (6144K)
 Metaspace       used 82814K, capacity 84725K, committed 84864K, reserved 1122304K
  class space    used 10636K, capacity 11340K, committed 11392K, reserved 1048576K
}
Event: 82.549 GC heap before
{Heap before GC invocations=75 (full 0):
 garbage-first heap   total 164864K, used 135295K [0x0000000080000000, 0x0000000100000000)
  region size 1024K, 64 young (65536K), 6 survivors (6144K)
 Metaspace       used 83994K, capacity 85946K, committed 86016K, reserved 1124352K
  class space    used 10770K, capacity 11467K, committed 11520K, reserved 1048576K
}
Event: 82.603 GC heap after
{Heap after GC invocations=76 (full 0):
 garbage-first heap   total 164864K, used 81155K [0x0000000080000000, 0x0000000100000000)
  region size 1024K, 8 young (8192K), 8 survivors (8192K)
 Metaspace       used 83994K, capacity 85946K, committed 86016K, reserved 1124352K
  class space    used 10770K, capacity 11467K, committed 11520K, reserved 1048576K
}
Event: 83.480 GC heap before
{Heap before GC invocations=76 (full 0):
 garbage-first heap   total 164864K, used 135427K [0x0000000080000000, 0x0000000100000000)
  region size 1024K, 62 young (63488K), 8 survivors (8192K)
 Metaspace       used 84620K, capacity 86589K, committed 86912K, reserved 1124352K
  class space    used 10816K, capacity 11532K, committed 11648K, reserved 1048576K
}
Event: 83.532 GC heap after
{Heap after GC invocations=77 (full 0):
 garbage-first heap   total 164864K, used 82616K [0x0000000080000000, 0x0000000100000000)
  region size 1024K, 3 young (3072K), 3 survivors (3072K)
 Metaspace       used 84620K, capacity 86589K, committed 86912K, reserved 1124352K
  class space    used 10816K, capacity 11532K, committed 11648K, reserved 1048576K
}
Event: 87.031 GC heap before
{Heap before GC invocations=77 (full 0):
 garbage-first heap   total 164864K, used 135864K [0x0000000080000000, 0x0000000100000000)
  region size 1024K, 56 young (57344K), 3 survivors (3072K)
 Metaspace       used 87075K, capacity 89158K, committed 89216K, reserved 1126400K
  class space    used 11136K, capacity 11878K, committed 11904K, reserved 1048576K
}
Event: 87.132 GC heap after
{Heap after GC invocations=78 (full 0):
 garbage-first heap   total 164864K, used 88343K [0x0000000080000000, 0x0000000100000000)
  region size 1024K, 7 young (7168K), 7 survivors (7168K)
 Metaspace       used 87075K, capacity 89158K, committed 89216K, reserved 1126400K
  class space    used 11136K, capacity 11878K, committed 11904K, reserved 1048576K
}
Event: 88.724 GC heap before
{Heap before GC invocations=79 (full 0):
 garbage-first heap   total 164864K, used 107799K [0x0000000080000000, 0x0000000100000000)
  region size 1024K, 28 young (28672K), 7 survivors (7168K)
 Metaspace       used 91780K, capacity 93989K, committed 94208K, reserved 1130496K
  class space    used 11735K, capacity 12483K, committed 12544K, reserved 1048576K
}
Event: 88.833 GC heap after
{Heap after GC invocations=80 (full 0):
 garbage-first heap   total 198656K, used 91238K [0x0000000080000000, 0x0000000100000000)
  region size 1024K, 3 young (3072K), 3 survivors (3072K)
 Metaspace       used 91780K, capacity 93989K, committed 94208K, reserved 1130496K
  class space    used 11735K, capacity 12483K, committed 12544K, reserved 1048576K
}
Event: 93.084 GC heap before
{Heap before GC invocations=81 (full 0):
 garbage-first heap   total 198656K, used 140390K [0x0000000080000000, 0x0000000100000000)
  region size 1024K, 50 young (51200K), 3 survivors (3072K)
 Metaspace       used 95549K, capacity 97784K, committed 98048K, reserved 1134592K
  class space    used 12118K, capacity 12938K, committed 13056K, reserved 1048576K
}
Event: 93.158 GC heap after
{Heap after GC invocations=82 (full 0):
 garbage-first heap   total 198656K, used 101216K [0x0000000080000000, 0x0000000100000000)
  region size 1024K, 7 young (7168K), 7 survivors (7168K)
 Metaspace       used 95549K, capacity 97784K, committed 98048K, reserved 1134592K
  class space    used 12118K, capacity 12938K, committed 13056K, reserved 1048576K
}
Event: 93.988 GC heap before
{Heap before GC invocations=82 (full 0):
 garbage-first heap   total 198656K, used 145248K [0x0000000080000000, 0x0000000100000000)
  region size 1024K, 51 young (52224K), 7 survivors (7168K)
 Metaspace       used 96233K, capacity 98501K, committed 98560K, reserved 1134592K
  class space    used 12202K, capacity 13007K, committed 13056K, reserved 1048576K
}
Event: 94.201 GC heap after
{Heap after GC invocations=83 (full 0):
 garbage-first heap   total 198656K, used 136192K [0x0000000080000000, 0x0000000100000000)
  region size 1024K, 7 young (7168K), 7 survivors (7168K)
 Metaspace       used 96233K, capacity 98501K, committed 98560K, reserved 1134592K
  class space    used 12202K, capacity 13007K, committed 13056K, reserved 1048576K
}
Event: 96.334 GC heap before
{Heap before GC invocations=83 (full 0):
 garbage-first heap   total 198656K, used 157696K [0x0000000080000000, 0x0000000100000000)
  region size 1024K, 28 young (28672K), 7 survivors (7168K)
 Metaspace       used 97515K, capacity 99692K, committed 99968K, reserved 1136640K
  class space    used 12382K, capacity 13168K, committed 13184K, reserved 1048576K
}
Event: 96.533 GC heap after
{Heap after GC invocations=84 (full 0):
 garbage-first heap   total 198656K, used 146432K [0x0000000080000000, 0x0000000100000000)
  region size 1024K, 4 young (4096K), 4 survivors (4096K)
 Metaspace       used 97515K, capacity 99692K, committed 99968K, reserved 1136640K
  class space    used 12382K, capacity 13168K, committed 13184K, reserved 1048576K
}
Event: 97.354 GC heap before
{Heap before GC invocations=85 (full 0):
 garbage-first heap   total 198656K, used 154624K [0x0000000080000000, 0x0000000100000000)
  region size 1024K, 14 young (14336K), 4 survivors (4096K)
 Metaspace       used 98930K, capacity 101168K, committed 101248K, reserved 1136640K
  class space    used 12580K, capacity 13400K, committed 13440K, reserved 1048576K
}

