# JRE version: OpenJDK Runtime Environment (11.0.8+10) (build 11.0.8+10-b944.6842174)
# Java VM: OpenJDK 64-Bit Server VM (11.0.8+10-b944.6842174, mixed mode, tiered, compressed oops, g1 gc, windows-amd64)
Heap:
 garbage-first heap   total 405504K, used 147616K [0x0000000080000000, 0x0000000100000000)
  region size 1024K, 3 young (3072K), 3 survivors (3072K)
 Metaspace       used 97038K, capacity 99277K, committed 99404K, reserved 1136640K
  class space    used 12260K, capacity 13071K, committed 13132K, reserved 1048576K
GC Heap History (20 events):
Event: 83.676 GC heap after
{Heap after GC invocations=65 (full 0):
 garbage-first heap   total 201728K, used 138564K [0x0000000080000000, 0x0000000100000000)
  region size 1024K, 2 young (2048K), 2 survivors (2048K)
 Metaspace       used 93703K, capacity 95901K, committed 95948K, reserved 1132544K
  class space    used 11943K, capacity 12728K, committed 12748K, reserved 1048576K
}
Event: 84.100 GC heap before
{Heap before GC invocations=66 (full 0):
 garbage-first heap   total 201728K, used 145732K [0x0000000080000000, 0x0000000100000000)
  region size 1024K, 10 young (10240K), 2 survivors (2048K)
 Metaspace       used 94108K, capacity 96277K, committed 96588K, reserved 1132544K
  class space    used 11986K, capacity 12767K, committed 12876K, reserved 1048576K
}
Event: 84.108 GC heap after
{Heap after GC invocations=67 (full 0):
 garbage-first heap   total 201728K, used 139909K [0x0000000080000000, 0x0000000100000000)
  region size 1024K, 3 young (3072K), 3 survivors (3072K)
 Metaspace       used 94108K, capacity 96277K, committed 96588K, reserved 1132544K
  class space    used 11986K, capacity 12767K, committed 12876K, reserved 1048576K
}
Event: 85.073 GC heap before
{Heap before GC invocations=68 (full 0):
 garbage-first heap   total 201728K, used 162437K [0x0000000080000000, 0x0000000100000000)
  region size 1024K, 24 young (24576K), 3 survivors (3072K)
 Metaspace       used 95435K, capacity 97624K, committed 97996K, reserved 1134592K
  class space    used 12095K, capacity 12873K, committed 13004K, reserved 1048576K
}
Event: 85.098 GC heap after
{Heap after GC invocations=69 (full 0):
 garbage-first heap   total 201728K, used 149504K [0x0000000080000000, 0x0000000100000000)
  region size 1024K, 3 young (3072K), 3 survivors (3072K)
 Metaspace       used 95435K, capacity 97624K, committed 97996K, reserved 1134592K
  class space    used 12095K, capacity 12873K, committed 13004K, reserved 1048576K
}
Event: 85.211 GC heap before
{Heap before GC invocations=69 (full 0):
 garbage-first heap   total 201728K, used 163840K [0x0000000080000000, 0x0000000100000000)
  region size 1024K, 18 young (18432K), 3 survivors (3072K)
 Metaspace       used 95435K, capacity 97624K, committed 97996K, reserved 1134592K
  class space    used 12095K, capacity 12873K, committed 13004K, reserved 1048576K
}
Event: 85.256 GC heap after
{Heap after GC invocations=70 (full 0):
 garbage-first heap   total 201728K, used 164557K [0x0000000080000000, 0x0000000100000000)
  region size 1024K, 3 young (3072K), 3 survivors (3072K)
 Metaspace       used 95435K, capacity 97624K, committed 97996K, reserved 1134592K
  class space    used 12095K, capacity 12873K, committed 13004K, reserved 1048576K
}
Event: 85.293 GC heap before
{Heap before GC invocations=70 (full 0):
 garbage-first heap   total 201728K, used 170701K [0x0000000080000000, 0x0000000100000000)
  region size 1024K, 9 young (9216K), 3 survivors (3072K)
 Metaspace       used 95435K, capacity 97624K, committed 97996K, reserved 1134592K
  class space    used 12095K, capacity 12873K, committed 13004K, reserved 1048576K
}
Event: 85.327 GC heap after
{Heap after GC invocations=71 (full 0):
 garbage-first heap   total 296960K, used 170496K [0x0000000080000000, 0x0000000100000000)
  region size 1024K, 2 young (2048K), 2 survivors (2048K)
 Metaspace       used 95435K, capacity 97624K, committed 97996K, reserved 1134592K
  class space    used 12095K, capacity 12873K, committed 13004K, reserved 1048576K
}
Event: 86.168 GC heap before
{Heap before GC invocations=71 (full 0):
 garbage-first heap   total 296960K, used 209408K [0x0000000080000000, 0x0000000100000000)
  region size 1024K, 40 young (40960K), 2 survivors (2048K)
 Metaspace       used 95509K, capacity 97638K, committed 97996K, reserved 1134592K
  class space    used 12095K, capacity 12874K, committed 13004K, reserved 1048576K
}
Event: 86.236 GC heap after
{Heap after GC invocations=72 (full 0):
 garbage-first heap   total 296960K, used 201062K [0x0000000080000000, 0x0000000100000000)
  region size 1024K, 5 young (5120K), 5 survivors (5120K)
 Metaspace       used 95509K, capacity 97638K, committed 97996K, reserved 1134592K
  class space    used 12095K, capacity 12874K, committed 13004K, reserved 1048576K
}
Event: 86.420 GC heap before
{Heap before GC invocations=73 (full 0):
 garbage-first heap   total 296960K, used 225638K [0x0000000080000000, 0x0000000100000000)
  region size 1024K, 29 young (29696K), 5 survivors (5120K)
 Metaspace       used 95509K, capacity 97638K, committed 97996K, reserved 1134592K
  class space    used 12095K, capacity 12874K, committed 13004K, reserved 1048576K
}
Event: 86.503 GC heap after
{Heap after GC invocations=74 (full 0):
 garbage-first heap   total 296960K, used 225792K [0x0000000080000000, 0x0000000100000000)
  region size 1024K, 4 young (4096K), 4 survivors (4096K)
 Metaspace       used 95509K, capacity 97638K, committed 97996K, reserved 1134592K
  class space    used 12095K, capacity 12874K, committed 13004K, reserved 1048576K
}
Event: 86.739 GC heap before
{Heap before GC invocations=74 (full 0):
 garbage-first heap   total 296960K, used 239104K [0x0000000080000000, 0x0000000100000000)
  region size 1024K, 17 young (17408K), 4 survivors (4096K)
 Metaspace       used 95636K, capacity 97775K, committed 97996K, reserved 1134592K
  class space    used 12105K, capacity 12876K, committed 13004K, reserved 1048576K
}
Event: 86.789 GC heap after
{Heap after GC invocations=75 (full 0):
 garbage-first heap   total 296960K, used 237056K [0x0000000080000000, 0x0000000100000000)
  region size 1024K, 3 young (3072K), 3 survivors (3072K)
 Metaspace       used 95636K, capacity 97775K, committed 97996K, reserved 1134592K
  class space    used 12105K, capacity 12876K, committed 13004K, reserved 1048576K
}
Event: 89.133 GC heap before
{Heap before GC invocations=76 (full 0):
 garbage-first heap   total 296960K, used 179712K [0x0000000080000000, 0x0000000100000000)
  region size 1024K, 14 young (14336K), 3 survivors (3072K)
 Metaspace       used 96909K, capacity 99118K, committed 99404K, reserved 1136640K
  class space    used 12241K, capacity 13024K, committed 13132K, reserved 1048576K
}
Event: 89.146 GC heap after
{Heap after GC invocations=77 (full 0):
 garbage-first heap   total 296960K, used 169076K [0x0000000080000000, 0x0000000100000000)
  region size 1024K, 2 young (2048K), 2 survivors (2048K)
 Metaspace       used 96909K, capacity 99118K, committed 99404K, reserved 1136640K
  class space    used 12241K, capacity 13024K, committed 13132K, reserved 1048576K
}
Event: 89.535 GC heap before
{Heap before GC invocations=77 (full 0):
 garbage-first heap   total 296960K, used 180340K [0x0000000080000000, 0x0000000100000000)
  region size 1024K, 14 young (14336K), 2 survivors (2048K)
 Metaspace       used 97010K, capacity 99276K, committed 99404K, reserved 1136640K
  class space    used 12259K, capacity 13071K, committed 13132K, reserved 1048576K
}
Event: 89.564 GC heap after
{Heap after GC invocations=78 (full 0):
 garbage-first heap   total 296960K, used 145991K [0x0000000080000000, 0x0000000100000000)
  region size 1024K, 1 young (1024K), 1 survivors (1024K)
 Metaspace       used 97010K, capacity 99276K, committed 99404K, reserved 1136640K
  class space    used 12259K, capacity 13071K, committed 13132K, reserved 1048576K
}
Event: 90.917 GC heap before
{Heap before GC invocations=78 (full 0):
 garbage-first heap   total 296960K, used 190023K [0x0000000080000000, 0x0000000100000000)
  region size 1024K, 45 young (46080K), 1 survivors (1024K)
 Metaspace       used 97038K, capacity 99277K, committed 99404K, reserved 1136640K
  class space    used 12260K, capacity 13071K, committed 13132K, reserved 1048576K
}

