# JRE version: OpenJDK Runtime Environment (11.0.8+10) (build 11.0.8+10-b944.6842174)
# Java VM: OpenJDK 64-Bit Server VM (11.0.8+10-b944.6842174, mixed mode, tiered, compressed oops, g1 gc, windows-amd64)
Heap:
 garbage-first heap   total 429056K, used 177664K [0x0000000080000000, 0x0000000100000000)
  region size 1024K, 2 young (2048K), 2 survivors (2048K)
 Metaspace       used 90340K, capacity 92681K, committed 93568K, reserved 1130496K
  class space    used 11716K, capacity 12600K, committed 12928K, reserved 1048576K
GC Heap History (20 events):
Event: 81.063 GC heap after
{Heap after GC invocations=64 (full 0):
 garbage-first heap   total 159744K, used 88714K [0x0000000080000000, 0x0000000100000000)
  region size 1024K, 2 young (2048K), 2 survivors (2048K)
 Metaspace       used 89477K, capacity 91957K, committed 92160K, reserved 1128448K
  class space    used 11707K, capacity 12676K, committed 12800K, reserved 1048576K
}
Event: 81.678 GC heap before
{Heap before GC invocations=65 (full 0):
 garbage-first heap   total 159744K, used 132746K [0x0000000080000000, 0x0000000100000000)
  region size 1024K, 46 young (47104K), 2 survivors (2048K)
 Metaspace       used 89148K, capacity 91477K, committed 92416K, reserved 1128448K
  class space    used 11575K, capacity 12441K, committed 12800K, reserved 1048576K
}
Event: 81.686 GC heap after
{Heap after GC invocations=66 (full 0):
 garbage-first heap   total 159744K, used 89400K [0x0000000080000000, 0x0000000100000000)
  region size 1024K, 3 young (3072K), 3 survivors (3072K)
 Metaspace       used 89148K, capacity 91477K, committed 92416K, reserved 1128448K
  class space    used 11575K, capacity 12441K, committed 12800K, reserved 1048576K
}
Event: 81.798 GC heap before
{Heap before GC invocations=66 (full 0):
 garbage-first heap   total 159744K, used 93496K [0x0000000080000000, 0x0000000100000000)
  region size 1024K, 7 young (7168K), 3 survivors (3072K)
 Metaspace       used 89263K, capacity 91612K, committed 92416K, reserved 1128448K
  class space    used 11590K, capacity 12443K, committed 12800K, reserved 1048576K
}
Event: 81.810 GC heap after
{Heap after GC invocations=67 (full 0):
 garbage-first heap   total 159744K, used 85601K [0x0000000080000000, 0x0000000100000000)
  region size 1024K, 1 young (1024K), 1 survivors (1024K)
 Metaspace       used 89263K, capacity 91612K, committed 92416K, reserved 1128448K
  class space    used 11590K, capacity 12443K, committed 12800K, reserved 1048576K
}
Event: 82.223 GC heap before
{Heap before GC invocations=67 (full 0):
 garbage-first heap   total 159744K, used 104033K [0x0000000080000000, 0x0000000100000000)
  region size 1024K, 21 young (21504K), 1 survivors (1024K)
 Metaspace       used 89390K, capacity 91727K, committed 92672K, reserved 1128448K
  class space    used 11600K, capacity 12478K, committed 12800K, reserved 1048576K
}
Event: 82.229 GC heap after
{Heap after GC invocations=68 (full 0):
 garbage-first heap   total 159744K, used 86287K [0x0000000080000000, 0x0000000100000000)
  region size 1024K, 2 young (2048K), 2 survivors (2048K)
 Metaspace       used 89390K, capacity 91727K, committed 92672K, reserved 1128448K
  class space    used 11600K, capacity 12478K, committed 12800K, reserved 1048576K
}
Event: 82.830 GC heap before
{Heap before GC invocations=69 (full 0):
 garbage-first heap   total 159744K, used 156943K [0x0000000080000000, 0x0000000100000000)
  region size 1024K, 36 young (36864K), 2 survivors (2048K)
 Metaspace       used 89689K, capacity 91994K, committed 92928K, reserved 1130496K
  class space    used 11629K, capacity 12481K, committed 12800K, reserved 1048576K
}
Event: 82.885 GC heap after
{Heap after GC invocations=70 (full 0):
 garbage-first heap   total 175104K, used 121602K [0x0000000080000000, 0x0000000100000000)
  region size 1024K, 6 young (6144K), 6 survivors (6144K)
 Metaspace       used 89689K, capacity 91994K, committed 92928K, reserved 1130496K
  class space    used 11629K, capacity 12481K, committed 12800K, reserved 1048576K
}
Event: 82.895 GC heap before
{Heap before GC invocations=70 (full 0):
 garbage-first heap   total 175104K, used 123650K [0x0000000080000000, 0x0000000100000000)
  region size 1024K, 8 young (8192K), 6 survivors (6144K)
 Metaspace       used 89689K, capacity 91994K, committed 92928K, reserved 1130496K
  class space    used 11629K, capacity 12481K, committed 12800K, reserved 1048576K
}
Event: 82.920 GC heap after
{Heap after GC invocations=71 (full 0):
 garbage-first heap   total 175104K, used 121096K [0x0000000080000000, 0x0000000100000000)
  region size 1024K, 1 young (1024K), 1 survivors (1024K)
 Metaspace       used 89689K, capacity 91994K, committed 92928K, reserved 1130496K
  class space    used 11629K, capacity 12481K, committed 12800K, reserved 1048576K
}
Event: 82.959 GC heap before
{Heap before GC invocations=71 (full 0):
 garbage-first heap   total 175104K, used 127240K [0x0000000080000000, 0x0000000100000000)
  region size 1024K, 8 young (8192K), 1 survivors (1024K)
 Metaspace       used 89689K, capacity 91994K, committed 92928K, reserved 1130496K
  class space    used 11629K, capacity 12481K, committed 12800K, reserved 1048576K
}
Event: 82.977 GC heap after
{Heap after GC invocations=72 (full 0):
 garbage-first heap   total 215040K, used 124173K [0x0000000080000000, 0x0000000100000000)
  region size 1024K, 3 young (3072K), 3 survivors (3072K)
 Metaspace       used 89689K, capacity 91994K, committed 92928K, reserved 1130496K
  class space    used 11629K, capacity 12481K, committed 12800K, reserved 1048576K
}
Event: 83.630 GC heap before
{Heap before GC invocations=73 (full 0):
 garbage-first heap   total 215040K, used 163085K [0x0000000080000000, 0x0000000100000000)
  region size 1024K, 40 young (40960K), 3 survivors (3072K)
 Metaspace       used 90322K, capacity 92680K, committed 93568K, reserved 1130496K
  class space    used 11716K, capacity 12600K, committed 12928K, reserved 1048576K
}
Event: 83.689 GC heap after
{Heap after GC invocations=74 (full 0):
 garbage-first heap   total 215040K, used 145157K [0x0000000080000000, 0x0000000100000000)
  region size 1024K, 5 young (5120K), 5 survivors (5120K)
 Metaspace       used 90322K, capacity 92680K, committed 93568K, reserved 1130496K
  class space    used 11716K, capacity 12600K, committed 12928K, reserved 1048576K
}
Event: 83.987 GC heap before
{Heap before GC invocations=74 (full 0):
 garbage-first heap   total 215040K, used 168709K [0x0000000080000000, 0x0000000100000000)
  region size 1024K, 28 young (28672K), 5 survivors (5120K)
 Metaspace       used 90335K, capacity 92681K, committed 93568K, reserved 1130496K
  class space    used 11716K, capacity 12600K, committed 12928K, reserved 1048576K
}
Event: 84.050 GC heap after
{Heap after GC invocations=75 (full 0):
 garbage-first heap   total 215040K, used 159744K [0x0000000080000000, 0x0000000100000000)
  region size 1024K, 4 young (4096K), 4 survivors (4096K)
 Metaspace       used 90335K, capacity 92681K, committed 93568K, reserved 1130496K
  class space    used 11716K, capacity 12600K, committed 12928K, reserved 1048576K
}
Event: 84.688 GC heap before
{Heap before GC invocations=75 (full 0):
 garbage-first heap   total 215040K, used 176128K [0x0000000080000000, 0x0000000100000000)
  region size 1024K, 19 young (19456K), 4 survivors (4096K)
 Metaspace       used 90339K, capacity 92681K, committed 93568K, reserved 1130496K
  class space    used 11716K, capacity 12600K, committed 12928K, reserved 1048576K
}
Event: 84.742 GC heap after
{Heap after GC invocations=76 (full 0):
 garbage-first heap   total 215040K, used 171520K [0x0000000080000000, 0x0000000100000000)
  region size 1024K, 3 young (3072K), 3 survivors (3072K)
 Metaspace       used 90339K, capacity 92681K, committed 93568K, reserved 1130496K
  class space    used 11716K, capacity 12600K, committed 12928K, reserved 1048576K
}
Event: 85.024 GC heap before
{Heap before GC invocations=76 (full 0):
 garbage-first heap   total 215040K, used 180736K [0x0000000080000000, 0x0000000100000000)
  region size 1024K, 12 young (12288K), 3 survivors (3072K)
 Metaspace       used 90340K, capacity 92681K, committed 93568K, reserved 1130496K
  class space    used 11716K, capacity 12600K, committed 12928K, reserved 1048576K
}

