# JRE version: OpenJDK Runtime Environment (11.0.8+10) (build 11.0.8+10-b944.6842174)
# Java VM: OpenJDK 64-Bit Server VM (11.0.8+10-b944.6842174, mixed mode, tiered, compressed oops, g1 gc, windows-amd64)
Heap:
 garbage-first heap   total 434176K, used 252288K [0x0000000080000000, 0x0000000100000000)
  region size 1024K, 2 young (2048K), 2 survivors (2048K)
 Metaspace       used 107561K, capacity 110438K, committed 110536K, reserved 1144832K
  class space    used 13613K, capacity 14582K, committed 14668K, reserved 1048576K
GC Heap History (20 events):
Event: 119.466 GC heap after
{Heap after GC invocations=71 (full 0):
 garbage-first heap   total 303104K, used 163840K [0x0000000080000000, 0x0000000100000000)
  region size 1024K, 3 young (3072K), 3 survivors (3072K)
 Metaspace       used 105068K, capacity 107809K, committed 107976K, reserved 1142784K
  class space    used 13365K, capacity 14303K, committed 14412K, reserved 1048576K
}
Event: 120.427 GC heap before
{Heap before GC invocations=71 (full 0):
 garbage-first heap   total 303104K, used 195584K [0x0000000080000000, 0x0000000100000000)
  region size 1024K, 34 young (34816K), 3 survivors (3072K)
 Metaspace       used 105597K, capacity 108393K, committed 108488K, reserved 1142784K
  class space    used 13399K, capacity 14344K, committed 14412K, reserved 1048576K
}
Event: 120.630 GC heap after
{Heap after GC invocations=72 (full 0):
 garbage-first heap   total 303104K, used 182701K [0x0000000080000000, 0x0000000100000000)
  region size 1024K, 5 young (5120K), 5 survivors (5120K)
 Metaspace       used 105597K, capacity 108393K, committed 108488K, reserved 1142784K
  class space    used 13399K, capacity 14344K, committed 14412K, reserved 1048576K
}
Event: 121.712 GC heap before
{Heap before GC invocations=72 (full 0):
 garbage-first heap   total 303104K, used 208301K [0x0000000080000000, 0x0000000100000000)
  region size 1024K, 31 young (31744K), 5 survivors (5120K)
 Metaspace       used 105615K, capacity 108396K, committed 108488K, reserved 1142784K
  class space    used 13399K, capacity 14344K, committed 14412K, reserved 1048576K
}
Event: 121.846 GC heap after
{Heap after GC invocations=73 (full 0):
 garbage-first heap   total 303104K, used 198656K [0x0000000080000000, 0x0000000100000000)
  region size 1024K, 4 young (4096K), 4 survivors (4096K)
 Metaspace       used 105615K, capacity 108396K, committed 108488K, reserved 1142784K
  class space    used 13399K, capacity 14344K, committed 14412K, reserved 1048576K
}
Event: 122.988 GC heap before
{Heap before GC invocations=74 (full 0):
 garbage-first heap   total 303104K, used 229376K [0x0000000080000000, 0x0000000100000000)
  region size 1024K, 32 young (32768K), 4 survivors (4096K)
 Metaspace       used 105618K, capacity 108396K, committed 108488K, reserved 1142784K
  class space    used 13399K, capacity 14344K, committed 14412K, reserved 1048576K
}
Event: 123.070 GC heap after
{Heap after GC invocations=75 (full 0):
 garbage-first heap   total 303104K, used 218112K [0x0000000080000000, 0x0000000100000000)
  region size 1024K, 4 young (4096K), 4 survivors (4096K)
 Metaspace       used 105618K, capacity 108396K, committed 108488K, reserved 1142784K
  class space    used 13399K, capacity 14344K, committed 14412K, reserved 1048576K
}
Event: 123.874 GC heap before
{Heap before GC invocations=75 (full 0):
 garbage-first heap   total 303104K, used 240640K [0x0000000080000000, 0x0000000100000000)
  region size 1024K, 27 young (27648K), 4 survivors (4096K)
 Metaspace       used 106681K, capacity 109484K, committed 109640K, reserved 1144832K
  class space    used 13537K, capacity 14488K, committed 14540K, reserved 1048576K
}
Event: 123.922 GC heap after
{Heap after GC invocations=76 (full 0):
 garbage-first heap   total 303104K, used 223744K [0x0000000080000000, 0x0000000100000000)
  region size 1024K, 4 young (4096K), 4 survivors (4096K)
 Metaspace       used 106681K, capacity 109484K, committed 109640K, reserved 1144832K
  class space    used 13537K, capacity 14488K, committed 14540K, reserved 1048576K
}
Event: 128.086 GC heap before
{Heap before GC invocations=77 (full 0):
 garbage-first heap   total 303104K, used 237056K [0x0000000080000000, 0x0000000100000000)
  region size 1024K, 26 young (26624K), 4 survivors (4096K)
 Metaspace       used 107174K, capacity 109966K, committed 110280K, reserved 1144832K
  class space    used 13585K, capacity 14539K, committed 14668K, reserved 1048576K
}
Event: 128.169 GC heap after
{Heap after GC invocations=78 (full 0):
 garbage-first heap   total 364544K, used 219883K [0x0000000080000000, 0x0000000100000000)
  region size 1024K, 4 young (4096K), 4 survivors (4096K)
 Metaspace       used 107174K, capacity 109966K, committed 110280K, reserved 1144832K
  class space    used 13585K, capacity 14539K, committed 14668K, reserved 1048576K
}
Event: 128.825 GC heap before
{Heap before GC invocations=78 (full 0):
 garbage-first heap   total 364544K, used 233195K [0x0000000080000000, 0x0000000100000000)
  region size 1024K, 17 young (17408K), 4 survivors (4096K)
 Metaspace       used 107182K, capacity 110030K, committed 110280K, reserved 1144832K
  class space    used 13585K, capacity 14539K, committed 14668K, reserved 1048576K
}
Event: 128.893 GC heap after
{Heap after GC invocations=79 (full 0):
 garbage-first heap   total 364544K, used 219465K [0x0000000080000000, 0x0000000100000000)
  region size 1024K, 3 young (3072K), 3 survivors (3072K)
 Metaspace       used 107182K, capacity 110030K, committed 110280K, reserved 1144832K
  class space    used 13585K, capacity 14539K, committed 14668K, reserved 1048576K
}
Event: 129.140 GC heap before
{Heap before GC invocations=79 (full 0):
 garbage-first heap   total 364544K, used 223561K [0x0000000080000000, 0x0000000100000000)
  region size 1024K, 8 young (8192K), 3 survivors (3072K)
 Metaspace       used 107184K, capacity 110030K, committed 110280K, reserved 1144832K
  class space    used 13585K, capacity 14539K, committed 14668K, reserved 1048576K
}
Event: 129.165 GC heap after
{Heap after GC invocations=80 (full 0):
 garbage-first heap   total 364544K, used 220634K [0x0000000080000000, 0x0000000100000000)
  region size 1024K, 5 young (5120K), 5 survivors (5120K)
 Metaspace       used 107184K, capacity 110030K, committed 110280K, reserved 1144832K
  class space    used 13585K, capacity 14539K, committed 14668K, reserved 1048576K
}
Event: 133.475 GC heap before
{Heap before GC invocations=81 (full 0):
 garbage-first heap   total 364544K, used 267738K [0x0000000080000000, 0x0000000100000000)
  region size 1024K, 35 young (35840K), 5 survivors (5120K)
 Metaspace       used 107309K, capacity 110121K, committed 110280K, reserved 1144832K
  class space    used 13589K, capacity 14564K, committed 14668K, reserved 1048576K
}
Event: 133.569 GC heap after
{Heap after GC invocations=82 (full 0):
 garbage-first heap   total 364544K, used 239268K [0x0000000080000000, 0x0000000100000000)
  region size 1024K, 5 young (5120K), 5 survivors (5120K)
 Metaspace       used 107309K, capacity 110121K, committed 110280K, reserved 1144832K
  class space    used 13589K, capacity 14564K, committed 14668K, reserved 1048576K
}
Event: 136.996 GC heap before
{Heap before GC invocations=82 (full 0):
 garbage-first heap   total 364544K, used 263844K [0x0000000080000000, 0x0000000100000000)
  region size 1024K, 17 young (17408K), 5 survivors (5120K)
 Metaspace       used 107561K, capacity 110438K, committed 110536K, reserved 1144832K
  class space    used 13613K, capacity 14582K, committed 14668K, reserved 1048576K
}
Event: 137.051 GC heap after
{Heap after GC invocations=83 (full 0):
 garbage-first heap   total 364544K, used 252416K [0x0000000080000000, 0x0000000100000000)
  region size 1024K, 2 young (2048K), 2 survivors (2048K)
 Metaspace       used 107561K, capacity 110438K, committed 110536K, reserved 1144832K
  class space    used 13613K, capacity 14582K, committed 14668K, reserved 1048576K
}
Event: 137.063 GC heap before
{Heap before GC invocations=83 (full 0):
 garbage-first heap   total 364544K, used 252416K [0x0000000080000000, 0x0000000100000000)
  region size 1024K, 3 young (3072K), 2 survivors (2048K)
 Metaspace       used 107561K, capacity 110438K, committed 110536K, reserved 1144832K
  class space    used 13613K, capacity 14582K, committed 14668K, reserved 1048576K
}

