# JRE version: OpenJDK Runtime Environment (11.0.8+10) (build 11.0.8+10-b944.6842174)
# Java VM: OpenJDK 64-Bit Server VM (11.0.8+10-b944.6842174, mixed mode, tiered, compressed oops, g1 gc, windows-amd64)
Heap:
 garbage-first heap   total 204800K, used 93836K [0x0000000080000000, 0x0000000100000000)
  region size 1024K, 10 young (10240K), 5 survivors (5120K)
 Metaspace       used 92148K, capacity 94308K, committed 94464K, reserved 1132544K
  class space    used 11503K, capacity 12260K, committed 12288K, reserved 1048576K
GC Heap History (20 events):
Event: 37.978 GC heap before
{Heap before GC invocations=52 (full 0):
 garbage-first heap   total 169984K, used 125549K [0x0000000080000000, 0x0000000100000000)
  region size 1024K, 34 young (34816K), 2 survivors (2048K)
 Metaspace       used 83978K, capacity 85909K, committed 86272K, reserved 1124352K
  class space    used 10713K, capacity 11408K, committed 11520K, reserved 1048576K
}
Event: 37.989 GC heap after
{Heap after GC invocations=53 (full 0):
 garbage-first heap   total 169984K, used 92311K [0x0000000080000000, 0x0000000100000000)
  region size 1024K, 4 young (4096K), 4 survivors (4096K)
 Metaspace       used 83978K, capacity 85909K, committed 86272K, reserved 1124352K
  class space    used 10713K, capacity 11408K, committed 11520K, reserved 1048576K
}
Event: 38.052 GC heap before
{Heap before GC invocations=53 (full 0):
 garbage-first heap   total 169984K, used 95383K [0x0000000080000000, 0x0000000100000000)
  region size 1024K, 8 young (8192K), 4 survivors (4096K)
 Metaspace       used 83983K, capacity 85910K, committed 86272K, reserved 1124352K
  class space    used 10713K, capacity 11408K, committed 11520K, reserved 1048576K
}
Event: 38.062 GC heap after
{Heap after GC invocations=54 (full 0):
 garbage-first heap   total 169984K, used 85178K [0x0000000080000000, 0x0000000100000000)
  region size 1024K, 1 young (1024K), 1 survivors (1024K)
 Metaspace       used 83983K, capacity 85910K, committed 86272K, reserved 1124352K
  class space    used 10713K, capacity 11408K, committed 11520K, reserved 1048576K
}
Event: 38.650 GC heap before
{Heap before GC invocations=54 (full 0):
 garbage-first heap   total 169984K, used 121018K [0x0000000080000000, 0x0000000100000000)
  region size 1024K, 37 young (37888K), 1 survivors (1024K)
 Metaspace       used 84648K, capacity 86719K, committed 86784K, reserved 1124352K
  class space    used 10787K, capacity 11478K, committed 11520K, reserved 1048576K
}
Event: 38.660 GC heap after
{Heap after GC invocations=55 (full 0):
 garbage-first heap   total 169984K, used 86661K [0x0000000080000000, 0x0000000100000000)
  region size 1024K, 2 young (2048K), 2 survivors (2048K)
 Metaspace       used 84648K, capacity 86719K, committed 86784K, reserved 1124352K
  class space    used 10787K, capacity 11478K, committed 11520K, reserved 1048576K
}
Event: 39.776 GC heap before
{Heap before GC invocations=56 (full 0):
 garbage-first heap   total 169984K, used 117381K [0x0000000080000000, 0x0000000100000000)
  region size 1024K, 41 young (41984K), 2 survivors (2048K)
 Metaspace       used 86327K, capacity 88368K, committed 88576K, reserved 1126400K
  class space    used 11019K, capacity 11708K, committed 11776K, reserved 1048576K
}
Event: 39.789 GC heap after
{Heap after GC invocations=57 (full 0):
 garbage-first heap   total 169984K, used 79750K [0x0000000080000000, 0x0000000100000000)
  region size 1024K, 4 young (4096K), 4 survivors (4096K)
 Metaspace       used 86327K, capacity 88368K, committed 88576K, reserved 1126400K
  class space    used 11019K, capacity 11708K, committed 11776K, reserved 1048576K
}
Event: 40.451 GC heap before
{Heap before GC invocations=57 (full 0):
 garbage-first heap   total 169984K, used 121734K [0x0000000080000000, 0x0000000100000000)
  region size 1024K, 46 young (47104K), 4 survivors (4096K)
 Metaspace       used 87421K, capacity 89372K, committed 89472K, reserved 1126400K
  class space    used 11144K, capacity 11807K, committed 11904K, reserved 1048576K
}
Event: 40.468 GC heap after
{Heap after GC invocations=58 (full 0):
 garbage-first heap   total 169984K, used 82149K [0x0000000080000000, 0x0000000100000000)
  region size 1024K, 6 young (6144K), 6 survivors (6144K)
 Metaspace       used 87421K, capacity 89372K, committed 89472K, reserved 1126400K
  class space    used 11144K, capacity 11807K, committed 11904K, reserved 1048576K
}
Event: 41.665 GC heap before
{Heap before GC invocations=59 (full 0):
 garbage-first heap   total 169984K, used 130277K [0x0000000080000000, 0x0000000100000000)
  region size 1024K, 53 young (54272K), 6 survivors (6144K)
 Metaspace       used 87969K, capacity 90017K, committed 90368K, reserved 1128448K
  class space    used 11199K, capacity 11916K, committed 12032K, reserved 1048576K
}
Event: 41.681 GC heap after
{Heap after GC invocations=60 (full 0):
 garbage-first heap   total 169984K, used 84102K [0x0000000080000000, 0x0000000100000000)
  region size 1024K, 5 young (5120K), 5 survivors (5120K)
 Metaspace       used 87969K, capacity 90017K, committed 90368K, reserved 1128448K
  class space    used 11199K, capacity 11916K, committed 12032K, reserved 1048576K
}
Event: 41.703 GC heap before
{Heap before GC invocations=60 (full 0):
 garbage-first heap   total 169984K, used 87174K [0x0000000080000000, 0x0000000100000000)
  region size 1024K, 8 young (8192K), 5 survivors (5120K)
 Metaspace       used 87969K, capacity 90017K, committed 90368K, reserved 1128448K
  class space    used 11199K, capacity 11916K, committed 12032K, reserved 1048576K
}
Event: 41.712 GC heap after
{Heap after GC invocations=61 (full 0):
 garbage-first heap   total 169984K, used 83562K [0x0000000080000000, 0x0000000100000000)
  region size 1024K, 1 young (1024K), 1 survivors (1024K)
 Metaspace       used 87969K, capacity 90017K, committed 90368K, reserved 1128448K
  class space    used 11199K, capacity 11916K, committed 12032K, reserved 1048576K
}
Event: 42.246 GC heap before
{Heap before GC invocations=61 (full 0):
 garbage-first heap   total 169984K, used 131690K [0x0000000080000000, 0x0000000100000000)
  region size 1024K, 49 young (50176K), 1 survivors (1024K)
 Metaspace       used 88101K, capacity 90100K, committed 90368K, reserved 1128448K
  class space    used 11210K, capacity 11922K, committed 12032K, reserved 1048576K
}
Event: 42.252 GC heap after
{Heap after GC invocations=62 (full 0):
 garbage-first heap   total 169984K, used 84524K [0x0000000080000000, 0x0000000100000000)
  region size 1024K, 2 young (2048K), 2 survivors (2048K)
 Metaspace       used 88101K, capacity 90100K, committed 90368K, reserved 1128448K
  class space    used 11210K, capacity 11922K, committed 12032K, reserved 1048576K
}
Event: 128.293 GC heap before
{Heap before GC invocations=63 (full 0):
 garbage-first heap   total 169984K, used 135724K [0x0000000080000000, 0x0000000100000000)
  region size 1024K, 53 young (54272K), 2 survivors (2048K)
 Metaspace       used 91427K, capacity 93559K, committed 93696K, reserved 1130496K
  class space    used 11482K, capacity 12243K, committed 12288K, reserved 1048576K
}
Event: 128.641 GC heap after
{Heap after GC invocations=64 (full 0):
 garbage-first heap   total 169984K, used 86511K [0x0000000080000000, 0x0000000100000000)
  region size 1024K, 4 young (4096K), 4 survivors (4096K)
 Metaspace       used 91427K, capacity 93559K, committed 93696K, reserved 1130496K
  class space    used 11482K, capacity 12243K, committed 12288K, reserved 1048576K
}
Event: 141.579 GC heap before
{Heap before GC invocations=64 (full 0):
 garbage-first heap   total 169984K, used 120303K [0x0000000080000000, 0x0000000100000000)
  region size 1024K, 38 young (38912K), 4 survivors (4096K)
 Metaspace       used 92123K, capacity 94240K, committed 94464K, reserved 1132544K
  class space    used 11503K, capacity 12260K, committed 12288K, reserved 1048576K
}
Event: 141.737 GC heap after
{Heap after GC invocations=65 (full 0):
 garbage-first heap   total 204800K, used 89740K [0x0000000080000000, 0x0000000100000000)
  region size 1024K, 5 young (5120K), 5 survivors (5120K)
 Metaspace       used 92123K, capacity 94240K, committed 94464K, reserved 1132544K
  class space    used 11503K, capacity 12260K, committed 12288K, reserved 1048576K
}

