# JRE version: OpenJDK Runtime Environment (11.0.8+10) (build 11.0.8+10-b944.6842174)
# Java VM: OpenJDK 64-Bit Server VM (11.0.8+10-b944.6842174, mixed mode, tiered, compressed oops, g1 gc, windows-amd64)
Heap:
 garbage-first heap   total 352256K, used 172790K [0x0000000080000000, 0x0000000100000000)
  region size 1024K, 26 young (26624K), 3 survivors (3072K)
 Metaspace       used 97541K, capacity 99822K, committed 99968K, reserved 1136640K
  class space    used 12247K, capacity 13071K, committed 13184K, reserved 1048576K
GC Heap History (20 events):
Event: 72.547 GC heap before
{Heap before GC invocations=73 (full 0):
 garbage-first heap   total 224256K, used 180859K [0x0000000080000000, 0x0000000100000000)
  region size 1024K, 16 young (16384K), 4 survivors (4096K)
 Metaspace       used 95257K, capacity 97398K, committed 97664K, reserved 1134592K
  class space    used 12043K, capacity 12831K, committed 12928K, reserved 1048576K
}
Event: 72.582 GC heap after
{Heap after GC invocations=74 (full 0):
 garbage-first heap   total 224256K, used 181248K [0x0000000080000000, 0x0000000100000000)
  region size 1024K, 2 young (2048K), 2 survivors (2048K)
 Metaspace       used 95257K, capacity 97398K, committed 97664K, reserved 1134592K
  class space    used 12043K, capacity 12831K, committed 12928K, reserved 1048576K
}
Event: 72.693 GC heap before
{Heap before GC invocations=74 (full 0):
 garbage-first heap   total 224256K, used 189440K [0x0000000080000000, 0x0000000100000000)
  region size 1024K, 10 young (10240K), 2 survivors (2048K)
 Metaspace       used 95289K, capacity 97465K, committed 97664K, reserved 1134592K
  class space    used 12043K, capacity 12831K, committed 12928K, reserved 1048576K
}
Event: 72.719 GC heap after
{Heap after GC invocations=75 (full 0):
 garbage-first heap   total 269312K, used 188928K [0x0000000080000000, 0x0000000100000000)
  region size 1024K, 2 young (2048K), 2 survivors (2048K)
 Metaspace       used 95289K, capacity 97465K, committed 97664K, reserved 1134592K
  class space    used 12043K, capacity 12831K, committed 12928K, reserved 1048576K
}
Event: 73.133 GC heap before
{Heap before GC invocations=75 (full 0):
 garbage-first heap   total 269312K, used 206336K [0x0000000080000000, 0x0000000100000000)
  region size 1024K, 19 young (19456K), 2 survivors (2048K)
 Metaspace       used 95332K, capacity 97466K, committed 97664K, reserved 1134592K
  class space    used 12043K, capacity 12831K, committed 12928K, reserved 1048576K
}
Event: 73.155 GC heap after
{Heap after GC invocations=76 (full 0):
 garbage-first heap   total 269312K, used 199680K [0x0000000080000000, 0x0000000100000000)
  region size 1024K, 3 young (3072K), 3 survivors (3072K)
 Metaspace       used 95332K, capacity 97466K, committed 97664K, reserved 1134592K
  class space    used 12043K, capacity 12831K, committed 12928K, reserved 1048576K
}
Event: 73.409 GC heap before
{Heap before GC invocations=76 (full 0):
 garbage-first heap   total 269312K, used 214016K [0x0000000080000000, 0x0000000100000000)
  region size 1024K, 17 young (17408K), 3 survivors (3072K)
 Metaspace       used 95332K, capacity 97466K, committed 97664K, reserved 1134592K
  class space    used 12043K, capacity 12831K, committed 12928K, reserved 1048576K
}
Event: 73.439 GC heap after
{Heap after GC invocations=77 (full 0):
 garbage-first heap   total 269312K, used 213913K [0x0000000080000000, 0x0000000100000000)
  region size 1024K, 3 young (3072K), 3 survivors (3072K)
 Metaspace       used 95332K, capacity 97466K, committed 97664K, reserved 1134592K
  class space    used 12043K, capacity 12831K, committed 12928K, reserved 1048576K
}
Event: 73.493 GC heap before
{Heap before GC invocations=77 (full 0):
 garbage-first heap   total 269312K, used 224153K [0x0000000080000000, 0x0000000100000000)
  region size 1024K, 13 young (13312K), 3 survivors (3072K)
 Metaspace       used 95332K, capacity 97466K, committed 97664K, reserved 1134592K
  class space    used 12043K, capacity 12831K, committed 12928K, reserved 1048576K
}
Event: 73.526 GC heap after
{Heap after GC invocations=78 (full 0):
 garbage-first heap   total 269312K, used 221696K [0x0000000080000000, 0x0000000100000000)
  region size 1024K, 2 young (2048K), 2 survivors (2048K)
 Metaspace       used 95332K, capacity 97466K, committed 97664K, reserved 1134592K
  class space    used 12043K, capacity 12831K, committed 12928K, reserved 1048576K
}
Event: 73.619 GC heap before
{Heap before GC invocations=78 (full 0):
 garbage-first heap   total 269312K, used 232960K [0x0000000080000000, 0x0000000100000000)
  region size 1024K, 13 young (13312K), 2 survivors (2048K)
 Metaspace       used 95332K, capacity 97466K, committed 97664K, reserved 1134592K
  class space    used 12043K, capacity 12831K, committed 12928K, reserved 1048576K
}
Event: 73.653 GC heap after
{Heap after GC invocations=79 (full 0):
 garbage-first heap   total 269312K, used 230308K [0x0000000080000000, 0x0000000100000000)
  region size 1024K, 2 young (2048K), 2 survivors (2048K)
 Metaspace       used 95332K, capacity 97466K, committed 97664K, reserved 1134592K
  class space    used 12043K, capacity 12831K, committed 12928K, reserved 1048576K
}
Event: 73.826 GC heap before
{Heap before GC invocations=80 (full 0):
 garbage-first heap   total 269312K, used 241572K [0x0000000080000000, 0x0000000100000000)
  region size 1024K, 13 young (13312K), 2 survivors (2048K)
 Metaspace       used 95356K, capacity 97466K, committed 97664K, reserved 1134592K
  class space    used 12043K, capacity 12831K, committed 12928K, reserved 1048576K
}
Event: 73.870 GC heap after
{Heap after GC invocations=81 (full 0):
 garbage-first heap   total 352256K, used 237988K [0x0000000080000000, 0x0000000100000000)
  region size 1024K, 2 young (2048K), 2 survivors (2048K)
 Metaspace       used 95356K, capacity 97466K, committed 97664K, reserved 1134592K
  class space    used 12043K, capacity 12831K, committed 12928K, reserved 1048576K
}
Event: 76.796 GC heap before
{Heap before GC invocations=81 (full 0):
 garbage-first heap   total 352256K, used 264612K [0x0000000080000000, 0x0000000100000000)
  region size 1024K, 28 young (28672K), 2 survivors (2048K)
 Metaspace       used 96731K, capacity 98918K, committed 99072K, reserved 1134592K
  class space    used 12176K, capacity 12970K, committed 13056K, reserved 1048576K
}
Event: 76.833 GC heap after
{Heap after GC invocations=82 (full 0):
 garbage-first heap   total 352256K, used 241007K [0x0000000080000000, 0x0000000100000000)
  region size 1024K, 4 young (4096K), 4 survivors (4096K)
 Metaspace       used 96731K, capacity 98918K, committed 99072K, reserved 1134592K
  class space    used 12176K, capacity 12970K, committed 13056K, reserved 1048576K
}
Event: 79.069 GC heap before
{Heap before GC invocations=83 (full 0):
 garbage-first heap   total 352256K, used 196975K [0x0000000080000000, 0x0000000100000000)
  region size 1024K, 31 young (31744K), 4 survivors (4096K)
 Metaspace       used 97090K, capacity 99351K, committed 99584K, reserved 1136640K
  class space    used 12180K, capacity 13005K, committed 13056K, reserved 1048576K
}
Event: 79.084 GC heap after
{Heap after GC invocations=84 (full 0):
 garbage-first heap   total 352256K, used 169274K [0x0000000080000000, 0x0000000100000000)
  region size 1024K, 3 young (3072K), 3 survivors (3072K)
 Metaspace       used 97090K, capacity 99351K, committed 99584K, reserved 1136640K
  class space    used 12180K, capacity 13005K, committed 13056K, reserved 1048576K
}
Event: 81.119 GC heap before
{Heap before GC invocations=84 (full 0):
 garbage-first heap   total 352256K, used 183610K [0x0000000080000000, 0x0000000100000000)
  region size 1024K, 17 young (17408K), 3 survivors (3072K)
 Metaspace       used 97372K, capacity 99683K, committed 99840K, reserved 1136640K
  class space    used 12216K, capacity 13053K, committed 13056K, reserved 1048576K
}
Event: 81.167 GC heap after
{Heap after GC invocations=85 (full 0):
 garbage-first heap   total 352256K, used 151286K [0x0000000080000000, 0x0000000100000000)
  region size 1024K, 3 young (3072K), 3 survivors (3072K)
 Metaspace       used 97372K, capacity 99683K, committed 99840K, reserved 1136640K
  class space    used 12216K, capacity 13053K, committed 13056K, reserved 1048576K
}

