# JRE version: OpenJDK Runtime Environment (11.0.8+10) (build 11.0.8+10-b944.6842174)
# Java VM: OpenJDK 64-Bit Server VM (11.0.8+10-b944.6842174, mixed mode, tiered, compressed oops, g1 gc, windows-amd64)
Heap:
 garbage-first heap   total 443392K, used 161282K [0x0000000080000000, 0x0000000100000000)
  region size 1024K, 13 young (13312K), 3 survivors (3072K)
 Metaspace       used 135687K, capacity 139512K, committed 139648K, reserved 1171456K
  class space    used 16987K, capacity 18304K, committed 18304K, reserved 1048576K
GC Heap History (20 events):
Event: 350.556 GC heap before
{Heap before GC invocations=100 (full 0):
 garbage-first heap   total 333824K, used 248320K [0x0000000080000000, 0x0000000100000000)
  region size 1024K, 22 young (22528K), 6 survivors (6144K)
 Metaspace       used 127702K, capacity 130900K, committed 131200K, reserved 1163264K
  class space    used 15844K, capacity 16913K, committed 17024K, reserved 1048576K
}
Event: 350.631 GC heap after
{Heap after GC invocations=101 (full 0):
 garbage-first heap   total 333824K, used 244224K [0x0000000080000000, 0x0000000100000000)
  region size 1024K, 3 young (3072K), 3 survivors (3072K)
 Metaspace       used 127702K, capacity 130900K, committed 131200K, reserved 1163264K
  class space    used 15844K, capacity 16913K, committed 17024K, reserved 1048576K
}
Event: 353.334 GC heap before
{Heap before GC invocations=101 (full 0):
 garbage-first heap   total 333824K, used 264704K [0x0000000080000000, 0x0000000100000000)
  region size 1024K, 24 young (24576K), 3 survivors (3072K)
 Metaspace       used 127687K, capacity 130876K, committed 131200K, reserved 1163264K
  class space    used 15839K, capacity 16904K, committed 17024K, reserved 1048576K
}
Event: 353.469 GC heap after
{Heap after GC invocations=102 (full 0):
 garbage-first heap   total 333824K, used 265216K [0x0000000080000000, 0x0000000100000000)
  region size 1024K, 3 young (3072K), 3 survivors (3072K)
 Metaspace       used 127687K, capacity 130876K, committed 131200K, reserved 1163264K
  class space    used 15839K, capacity 16904K, committed 17024K, reserved 1048576K
}
Event: 353.494 GC heap before
{Heap before GC invocations=102 (full 0):
 garbage-first heap   total 333824K, used 278528K [0x0000000080000000, 0x0000000100000000)
  region size 1024K, 16 young (16384K), 3 survivors (3072K)
 Metaspace       used 127687K, capacity 130876K, committed 131200K, reserved 1163264K
  class space    used 15839K, capacity 16904K, committed 17024K, reserved 1048576K
}
Event: 353.537 GC heap after
{Heap after GC invocations=103 (full 0):
 garbage-first heap   total 333824K, used 275456K [0x0000000080000000, 0x0000000100000000)
  region size 1024K, 2 young (2048K), 2 survivors (2048K)
 Metaspace       used 127687K, capacity 130876K, committed 131200K, reserved 1163264K
  class space    used 15839K, capacity 16904K, committed 17024K, reserved 1048576K
}
Event: 353.665 GC heap before
{Heap before GC invocations=103 (full 0):
 garbage-first heap   total 333824K, used 289792K [0x0000000080000000, 0x0000000100000000)
  region size 1024K, 16 young (16384K), 2 survivors (2048K)
 Metaspace       used 127709K, capacity 130941K, committed 131200K, reserved 1163264K
  class space    used 15840K, capacity 16904K, committed 17024K, reserved 1048576K
}
Event: 353.817 GC heap after
{Heap after GC invocations=104 (full 0):
 garbage-first heap   total 443392K, used 290304K [0x0000000080000000, 0x0000000100000000)
  region size 1024K, 2 young (2048K), 2 survivors (2048K)
 Metaspace       used 127709K, capacity 130941K, committed 131200K, reserved 1163264K
  class space    used 15840K, capacity 16904K, committed 17024K, reserved 1048576K
}
Event: 356.835 GC heap before
{Heap before GC invocations=105 (full 0):
 garbage-first heap   total 443392K, used 308736K [0x0000000080000000, 0x0000000100000000)
  region size 1024K, 21 young (21504K), 2 survivors (2048K)
 Metaspace       used 129028K, capacity 132347K, committed 132608K, reserved 1165312K
  class space    used 15983K, capacity 17114K, committed 17152K, reserved 1048576K
}
Event: 356.859 GC heap after
{Heap after GC invocations=106 (full 0):
 garbage-first heap   total 443392K, used 292969K [0x0000000080000000, 0x0000000100000000)
  region size 1024K, 3 young (3072K), 3 survivors (3072K)
 Metaspace       used 129028K, capacity 132347K, committed 132608K, reserved 1165312K
  class space    used 15983K, capacity 17114K, committed 17152K, reserved 1048576K
}
Event: 357.403 GC heap before
{Heap before GC invocations=106 (full 0):
 garbage-first heap   total 443392K, used 310377K [0x0000000080000000, 0x0000000100000000)
  region size 1024K, 21 young (21504K), 3 survivors (3072K)
 Metaspace       used 129029K, capacity 132347K, committed 132608K, reserved 1165312K
  class space    used 15983K, capacity 17114K, committed 17152K, reserved 1048576K
}
Event: 357.417 GC heap after
{Heap after GC invocations=107 (full 0):
 garbage-first heap   total 443392K, used 292293K [0x0000000080000000, 0x0000000100000000)
  region size 1024K, 1 young (1024K), 1 survivors (1024K)
 Metaspace       used 129029K, capacity 132347K, committed 132608K, reserved 1165312K
  class space    used 15983K, capacity 17114K, committed 17152K, reserved 1048576K
}
Event: 358.543 GC heap before
{Heap before GC invocations=107 (full 0):
 garbage-first heap   total 443392K, used 316869K [0x0000000080000000, 0x0000000100000000)
  region size 1024K, 27 young (27648K), 1 survivors (1024K)
 Metaspace       used 129219K, capacity 132528K, committed 132608K, reserved 1165312K
  class space    used 16006K, capacity 17152K, committed 17152K, reserved 1048576K
}
Event: 358.561 GC heap after
{Heap after GC invocations=108 (full 0):
 garbage-first heap   total 443392K, used 292674K [0x0000000080000000, 0x0000000100000000)
  region size 1024K, 1 young (1024K), 1 survivors (1024K)
 Metaspace       used 129219K, capacity 132528K, committed 132608K, reserved 1165312K
  class space    used 16006K, capacity 17152K, committed 17152K, reserved 1048576K
}
Event: 359.926 GC heap before
{Heap before GC invocations=109 (full 0):
 garbage-first heap   total 443392K, used 208706K [0x0000000080000000, 0x0000000100000000)
  region size 1024K, 31 young (31744K), 1 survivors (1024K)
 Metaspace       used 130759K, capacity 134161K, committed 134400K, reserved 1167360K
  class space    used 16218K, capacity 17391K, committed 17408K, reserved 1048576K
}
Event: 359.946 GC heap after
{Heap after GC invocations=110 (full 0):
 garbage-first heap   total 443392K, used 184471K [0x0000000080000000, 0x0000000100000000)
  region size 1024K, 4 young (4096K), 4 survivors (4096K)
 Metaspace       used 130759K, capacity 134161K, committed 134400K, reserved 1167360K
  class space    used 16218K, capacity 17391K, committed 17408K, reserved 1048576K
}
Event: 360.521 GC heap before
{Heap before GC invocations=110 (full 0):
 garbage-first heap   total 443392K, used 200855K [0x0000000080000000, 0x0000000100000000)
  region size 1024K, 21 young (21504K), 4 survivors (4096K)
 Metaspace       used 134446K, capacity 138007K, committed 138112K, reserved 1169408K
  class space    used 16794K, capacity 18041K, committed 18048K, reserved 1048576K
}
Event: 360.542 GC heap after
{Heap after GC invocations=111 (full 0):
 garbage-first heap   total 443392K, used 153362K [0x0000000080000000, 0x0000000100000000)
  region size 1024K, 2 young (2048K), 2 survivors (2048K)
 Metaspace       used 134446K, capacity 138007K, committed 138112K, reserved 1169408K
  class space    used 16794K, capacity 18041K, committed 18048K, reserved 1048576K
}
Event: 362.111 GC heap before
{Heap before GC invocations=111 (full 0):
 garbage-first heap   total 443392K, used 251666K [0x0000000080000000, 0x0000000100000000)
  region size 1024K, 99 young (101376K), 2 survivors (2048K)
 Metaspace       used 135509K, capacity 139269K, committed 139392K, reserved 1171456K
  class space    used 16970K, capacity 18269K, committed 18304K, reserved 1048576K
}
Event: 362.148 GC heap after
{Heap after GC invocations=112 (full 0):
 garbage-first heap   total 443392K, used 152066K [0x0000000080000000, 0x0000000100000000)
  region size 1024K, 3 young (3072K), 3 survivors (3072K)
 Metaspace       used 135509K, capacity 139269K, committed 139392K, reserved 1171456K
  class space    used 16970K, capacity 18269K, committed 18304K, reserved 1048576K
}

