# JRE version: OpenJDK Runtime Environment (11.0.8+10) (build 11.0.8+10-b944.6842174)
# Java VM: OpenJDK 64-Bit Server VM (11.0.8+10-b944.6842174, mixed mode, tiered, compressed oops, g1 gc, windows-amd64)
Heap:
 garbage-first heap   total 710656K, used 208384K [0x0000000080000000, 0x0000000100000000)
  region size 1024K, 3 young (3072K), 3 survivors (3072K)
 Metaspace       used 108273K, capacity 110953K, committed 111232K, reserved 1144832K
  class space    used 13895K, capacity 14910K, committed 14976K, reserved 1048576K
GC Heap History (20 events):
Event: 64.477 GC heap after
{Heap after GC invocations=69 (full 0):
 garbage-first heap   total 338944K, used 186368K [0x0000000080000000, 0x0000000100000000)
  region size 1024K, 3 young (3072K), 3 survivors (3072K)
 Metaspace       used 95379K, capacity 97552K, committed 97664K, reserved 1134592K
  class space    used 12094K, capacity 12874K, committed 12928K, reserved 1048576K
}
Event: 64.724 GC heap before
{Heap before GC invocations=69 (full 0):
 garbage-first heap   total 338944K, used 218112K [0x0000000080000000, 0x0000000100000000)
  region size 1024K, 34 young (34816K), 3 survivors (3072K)
 Metaspace       used 95436K, capacity 97556K, committed 97664K, reserved 1134592K
  class space    used 12094K, capacity 12874K, committed 12928K, reserved 1048576K
}
Event: 64.776 GC heap after
{Heap after GC invocations=70 (full 0):
 garbage-first heap   total 338944K, used 214016K [0x0000000080000000, 0x0000000100000000)
  region size 1024K, 5 young (5120K), 5 survivors (5120K)
 Metaspace       used 95436K, capacity 97556K, committed 97664K, reserved 1134592K
  class space    used 12094K, capacity 12874K, committed 12928K, reserved 1048576K
}
Event: 66.051 GC heap before
{Heap before GC invocations=70 (full 0):
 garbage-first heap   total 338944K, used 244736K [0x0000000080000000, 0x0000000100000000)
  region size 1024K, 35 young (35840K), 5 survivors (5120K)
 Metaspace       used 96008K, capacity 98162K, committed 98304K, reserved 1134592K
  class space    used 12151K, capacity 12944K, committed 13056K, reserved 1048576K
}
Event: 66.161 GC heap after
{Heap after GC invocations=71 (full 0):
 garbage-first heap   total 476160K, used 227840K [0x0000000080000000, 0x0000000100000000)
  region size 1024K, 5 young (5120K), 5 survivors (5120K)
 Metaspace       used 96008K, capacity 98162K, committed 98304K, reserved 1134592K
  class space    used 12151K, capacity 12944K, committed 13056K, reserved 1048576K
}
Event: 70.084 GC heap before
{Heap before GC invocations=72 (full 0):
 garbage-first heap   total 476160K, used 232960K [0x0000000080000000, 0x0000000100000000)
  region size 1024K, 47 young (48128K), 5 survivors (5120K)
 Metaspace       used 97020K, capacity 99233K, committed 99328K, reserved 1136640K
  class space    used 12260K, capacity 13039K, committed 13056K, reserved 1048576K
}
Event: 70.119 GC heap after
{Heap after GC invocations=73 (full 0):
 garbage-first heap   total 476160K, used 195041K [0x0000000080000000, 0x0000000100000000)
  region size 1024K, 3 young (3072K), 3 survivors (3072K)
 Metaspace       used 97020K, capacity 99233K, committed 99328K, reserved 1136640K
  class space    used 12260K, capacity 13039K, committed 13056K, reserved 1048576K
}
Event: 73.043 GC heap before
{Heap before GC invocations=73 (full 0):
 garbage-first heap   total 476160K, used 260577K [0x0000000080000000, 0x0000000100000000)
  region size 1024K, 65 young (66560K), 3 survivors (3072K)
 Metaspace       used 99392K, capacity 101695K, committed 101760K, reserved 1138688K
  class space    used 12595K, capacity 13419K, committed 13440K, reserved 1048576K
}
Event: 73.071 GC heap after
{Heap after GC invocations=74 (full 0):
 garbage-first heap   total 476160K, used 201828K [0x0000000080000000, 0x0000000100000000)
  region size 1024K, 8 young (8192K), 8 survivors (8192K)
 Metaspace       used 99392K, capacity 101695K, committed 101760K, reserved 1138688K
  class space    used 12595K, capacity 13419K, committed 13440K, reserved 1048576K
}
Event: 78.412 GC heap before
{Heap before GC invocations=74 (full 0):
 garbage-first heap   total 476160K, used 283748K [0x0000000080000000, 0x0000000100000000)
  region size 1024K, 89 young (91136K), 8 survivors (8192K)
 Metaspace       used 106781K, capacity 109469K, committed 109568K, reserved 1144832K
  class space    used 13718K, capacity 14775K, committed 14848K, reserved 1048576K
}
Event: 78.559 GC heap after
{Heap after GC invocations=75 (full 0):
 garbage-first heap   total 476160K, used 201666K [0x0000000080000000, 0x0000000100000000)
  region size 1024K, 7 young (7168K), 7 survivors (7168K)
 Metaspace       used 106781K, capacity 109469K, committed 109568K, reserved 1144832K
  class space    used 13718K, capacity 14775K, committed 14848K, reserved 1048576K
}
Event: 79.256 GC heap before
{Heap before GC invocations=75 (full 0):
 garbage-first heap   total 476160K, used 223170K [0x0000000080000000, 0x0000000100000000)
  region size 1024K, 29 young (29696K), 7 survivors (7168K)
 Metaspace       used 106794K, capacity 109597K, committed 109824K, reserved 1144832K
  class space    used 13719K, capacity 14775K, committed 14848K, reserved 1048576K
}
Event: 79.276 GC heap after
{Heap after GC invocations=76 (full 0):
 garbage-first heap   total 476160K, used 199906K [0x0000000080000000, 0x0000000100000000)
  region size 1024K, 1 young (1024K), 1 survivors (1024K)
 Metaspace       used 106794K, capacity 109597K, committed 109824K, reserved 1144832K
  class space    used 13719K, capacity 14775K, committed 14848K, reserved 1048576K
}
Event: 83.191 GC heap before
{Heap before GC invocations=76 (full 0):
 garbage-first heap   total 476160K, used 280802K [0x0000000080000000, 0x0000000100000000)
  region size 1024K, 73 young (74752K), 1 survivors (1024K)
 Metaspace       used 107266K, capacity 110106K, committed 110336K, reserved 1144832K
  class space    used 13768K, capacity 14813K, committed 14848K, reserved 1048576K
}
Event: 83.248 GC heap after
{Heap after GC invocations=77 (full 0):
 garbage-first heap   total 476160K, used 211955K [0x0000000080000000, 0x0000000100000000)
  region size 1024K, 4 young (4096K), 4 survivors (4096K)
 Metaspace       used 107266K, capacity 110106K, committed 110336K, reserved 1144832K
  class space    used 13768K, capacity 14813K, committed 14848K, reserved 1048576K
}
Event: 93.338 GC heap before
{Heap before GC invocations=78 (full 0):
 garbage-first heap   total 476160K, used 291827K [0x0000000080000000, 0x0000000100000000)
  region size 1024K, 125 young (128000K), 4 survivors (4096K)
 Metaspace       used 108147K, capacity 110806K, committed 111232K, reserved 1144832K
  class space    used 13894K, capacity 14910K, committed 14976K, reserved 1048576K
}
Event: 93.822 GC heap after
{Heap after GC invocations=79 (full 0):
 garbage-first heap   total 476160K, used 211032K [0x0000000080000000, 0x0000000100000000)
  region size 1024K, 16 young (16384K), 16 survivors (16384K)
 Metaspace       used 108147K, capacity 110806K, committed 111232K, reserved 1144832K
  class space    used 13894K, capacity 14910K, committed 14976K, reserved 1048576K
}
Event: 94.192 GC heap before
{Heap before GC invocations=79 (full 0):
 garbage-first heap   total 476160K, used 218200K [0x0000000080000000, 0x0000000100000000)
  region size 1024K, 23 young (23552K), 16 survivors (16384K)
 Metaspace       used 108152K, capacity 110870K, committed 111232K, reserved 1144832K
  class space    used 13894K, capacity 14910K, committed 14976K, reserved 1048576K
}
Event: 94.364 GC heap after
{Heap after GC invocations=80 (full 0):
 garbage-first heap   total 476160K, used 207360K [0x0000000080000000, 0x0000000100000000)
  region size 1024K, 3 young (3072K), 3 survivors (3072K)
 Metaspace       used 108152K, capacity 110870K, committed 111232K, reserved 1144832K
  class space    used 13894K, capacity 14910K, committed 14976K, reserved 1048576K
}
Event: 95.827 GC heap before
{Heap before GC invocations=80 (full 0):
 garbage-first heap   total 476160K, used 227840K [0x0000000080000000, 0x0000000100000000)
  region size 1024K, 23 young (23552K), 3 survivors (3072K)
 Metaspace       used 108273K, capacity 110953K, committed 111232K, reserved 1144832K
  class space    used 13895K, capacity 14910K, committed 14976K, reserved 1048576K
}

