# JRE version: OpenJDK Runtime Environment (11.0.8+10) (build 11.0.8+10-b944.6842174)
# Java VM: OpenJDK 64-Bit Server VM (11.0.8+10-b944.6842174, mixed mode, tiered, compressed oops, g1 gc, windows-amd64)
Heap:
 garbage-first heap   total 442368K, used 242688K [0x0000000080000000, 0x0000000100000000)
  region size 1024K, 2 young (2048K), 2 survivors (2048K)
 Metaspace       used 118681K, capacity 121240K, committed 121420K, reserved 1155072K
  class space    used 14239K, capacity 15130K, committed 15180K, reserved 1048576K
GC Heap History (20 events):
Event: 404.287 GC heap after
{Heap after GC invocations=70 (full 0):
 garbage-first heap   total 231424K, used 153447K [0x0000000080000000, 0x0000000100000000)
  region size 1024K, 2 young (2048K), 2 survivors (2048K)
 Metaspace       used 116665K, capacity 119168K, committed 119372K, reserved 1153024K
  class space    used 14011K, capacity 14891K, committed 14924K, reserved 1048576K
}
Event: 406.134 GC heap before
{Heap before GC invocations=71 (full 0):
 garbage-first heap   total 231424K, used 187239K [0x0000000080000000, 0x0000000100000000)
  region size 1024K, 34 young (34816K), 2 survivors (2048K)
 Metaspace       used 118630K, capacity 121239K, committed 121420K, reserved 1155072K
  class space    used 14239K, capacity 15130K, committed 15180K, reserved 1048576K
}
Event: 406.163 GC heap after
{Heap after GC invocations=72 (full 0):
 garbage-first heap   total 231424K, used 163328K [0x0000000080000000, 0x0000000100000000)
  region size 1024K, 5 young (5120K), 5 survivors (5120K)
 Metaspace       used 118630K, capacity 121239K, committed 121420K, reserved 1155072K
  class space    used 14239K, capacity 15130K, committed 15180K, reserved 1048576K
}
Event: 406.267 GC heap before
{Heap before GC invocations=72 (full 0):
 garbage-first heap   total 231424K, used 169472K [0x0000000080000000, 0x0000000100000000)
  region size 1024K, 11 young (11264K), 5 survivors (5120K)
 Metaspace       used 118630K, capacity 121239K, committed 121420K, reserved 1155072K
  class space    used 14239K, capacity 15130K, committed 15180K, reserved 1048576K
}
Event: 406.300 GC heap after
{Heap after GC invocations=73 (full 0):
 garbage-first heap   total 231424K, used 167616K [0x0000000080000000, 0x0000000100000000)
  region size 1024K, 2 young (2048K), 2 survivors (2048K)
 Metaspace       used 118630K, capacity 121239K, committed 121420K, reserved 1155072K
  class space    used 14239K, capacity 15130K, committed 15180K, reserved 1048576K
}
Event: 406.634 GC heap before
{Heap before GC invocations=73 (full 0):
 garbage-first heap   total 231424K, used 190144K [0x0000000080000000, 0x0000000100000000)
  region size 1024K, 24 young (24576K), 2 survivors (2048K)
 Metaspace       used 118630K, capacity 121239K, committed 121420K, reserved 1155072K
  class space    used 14239K, capacity 15130K, committed 15180K, reserved 1048576K
}
Event: 406.811 GC heap after
{Heap after GC invocations=74 (full 0):
 garbage-first heap   total 231424K, used 187877K [0x0000000080000000, 0x0000000100000000)
  region size 1024K, 3 young (3072K), 3 survivors (3072K)
 Metaspace       used 118630K, capacity 121239K, committed 121420K, reserved 1155072K
  class space    used 14239K, capacity 15130K, committed 15180K, reserved 1048576K
}
Event: 406.895 GC heap before
{Heap before GC invocations=74 (full 0):
 garbage-first heap   total 231424K, used 196069K [0x0000000080000000, 0x0000000100000000)
  region size 1024K, 11 young (11264K), 3 survivors (3072K)
 Metaspace       used 118630K, capacity 121239K, committed 121420K, reserved 1155072K
  class space    used 14239K, capacity 15130K, committed 15180K, reserved 1048576K
}
Event: 406.927 GC heap after
{Heap after GC invocations=75 (full 0):
 garbage-first heap   total 231424K, used 197120K [0x0000000080000000, 0x0000000100000000)
  region size 1024K, 2 young (2048K), 2 survivors (2048K)
 Metaspace       used 118630K, capacity 121239K, committed 121420K, reserved 1155072K
  class space    used 14239K, capacity 15130K, committed 15180K, reserved 1048576K
}
Event: 407.141 GC heap before
{Heap before GC invocations=75 (full 0):
 garbage-first heap   total 231424K, used 206336K [0x0000000080000000, 0x0000000100000000)
  region size 1024K, 11 young (11264K), 2 survivors (2048K)
 Metaspace       used 118664K, capacity 121240K, committed 121420K, reserved 1155072K
  class space    used 14239K, capacity 15130K, committed 15180K, reserved 1048576K
}
Event: 407.156 GC heap after
{Heap after GC invocations=76 (full 0):
 garbage-first heap   total 231424K, used 202752K [0x0000000080000000, 0x0000000100000000)
  region size 1024K, 2 young (2048K), 2 survivors (2048K)
 Metaspace       used 118664K, capacity 121240K, committed 121420K, reserved 1155072K
  class space    used 14239K, capacity 15130K, committed 15180K, reserved 1048576K
}
Event: 407.298 GC heap before
{Heap before GC invocations=76 (full 0):
 garbage-first heap   total 231424K, used 211968K [0x0000000080000000, 0x0000000100000000)
  region size 1024K, 11 young (11264K), 2 survivors (2048K)
 Metaspace       used 118681K, capacity 121240K, committed 121420K, reserved 1155072K
  class space    used 14239K, capacity 15130K, committed 15180K, reserved 1048576K
}
Event: 407.319 GC heap after
{Heap after GC invocations=77 (full 0):
 garbage-first heap   total 231424K, used 208896K [0x0000000080000000, 0x0000000100000000)
  region size 1024K, 2 young (2048K), 2 survivors (2048K)
 Metaspace       used 118681K, capacity 121240K, committed 121420K, reserved 1155072K
  class space    used 14239K, capacity 15130K, committed 15180K, reserved 1048576K
}
Event: 407.421 GC heap before
{Heap before GC invocations=77 (full 0):
 garbage-first heap   total 231424K, used 218112K [0x0000000080000000, 0x0000000100000000)
  region size 1024K, 11 young (11264K), 2 survivors (2048K)
 Metaspace       used 118681K, capacity 121240K, committed 121420K, reserved 1155072K
  class space    used 14239K, capacity 15130K, committed 15180K, reserved 1048576K
}
Event: 407.431 GC heap after
{Heap after GC invocations=78 (full 0):
 garbage-first heap   total 231424K, used 218112K [0x0000000080000000, 0x0000000100000000)
  region size 1024K, 2 young (2048K), 2 survivors (2048K)
 Metaspace       used 118681K, capacity 121240K, committed 121420K, reserved 1155072K
  class space    used 14239K, capacity 15130K, committed 15180K, reserved 1048576K
}
Event: 407.507 GC heap before
{Heap before GC invocations=78 (full 0):
 garbage-first heap   total 231424K, used 227328K [0x0000000080000000, 0x0000000100000000)
  region size 1024K, 11 young (11264K), 2 survivors (2048K)
 Metaspace       used 118681K, capacity 121240K, committed 121420K, reserved 1155072K
  class space    used 14239K, capacity 15130K, committed 15180K, reserved 1048576K
}
Event: 407.583 GC heap after
{Heap after GC invocations=79 (full 0):
 garbage-first heap   total 238592K, used 227328K [0x0000000080000000, 0x0000000100000000)
  region size 1024K, 2 young (2048K), 2 survivors (2048K)
 Metaspace       used 118681K, capacity 121240K, committed 121420K, reserved 1155072K
  class space    used 14239K, capacity 15130K, committed 15180K, reserved 1048576K
}
Event: 407.645 GC heap before
{Heap before GC invocations=79 (full 0):
 garbage-first heap   total 238592K, used 236544K [0x0000000080000000, 0x0000000100000000)
  region size 1024K, 11 young (11264K), 2 survivors (2048K)
 Metaspace       used 118681K, capacity 121240K, committed 121420K, reserved 1155072K
  class space    used 14239K, capacity 15130K, committed 15180K, reserved 1048576K
}
Event: 407.670 GC heap after
{Heap after GC invocations=80 (full 0):
 garbage-first heap   total 245760K, used 234268K [0x0000000080000000, 0x0000000100000000)
  region size 1024K, 2 young (2048K), 2 survivors (2048K)
 Metaspace       used 118681K, capacity 121240K, committed 121420K, reserved 1155072K
  class space    used 14239K, capacity 15130K, committed 15180K, reserved 1048576K
}
Event: 407.759 GC heap before
{Heap before GC invocations=80 (full 0):
 garbage-first heap   total 245760K, used 244508K [0x0000000080000000, 0x0000000100000000)
  region size 1024K, 12 young (12288K), 2 survivors (2048K)
 Metaspace       used 118681K, capacity 121240K, committed 121420K, reserved 1155072K
  class space    used 14239K, capacity 15130K, committed 15180K, reserved 1048576K
}

